<?xml version="1.0" encoding="UTF-8"?>
<testsuite name="MainTest" tests="1" skipped="0" failures="0" errors="0" timestamp="2019-10-22T16:23:50" hostname="MacBook-Pro-2" time="0.04">
  <properties/>
  <testcase name="DiscountForAnEAN is created correctly from an array of strings()" classname="MainTest" time="0.04"/>
  <system-out><![CDATA[]]></system-out>
  <system-err><![CDATA[]]></system-err>
</testsuite>
