<?xml version="1.0" encoding="UTF-8"?>
<testsuite name="MyTests" tests="1" skipped="0" failures="0" errors="0" timestamp="2019-07-23T22:27:34" hostname="MacBook-Pro-2" time="0.019">
  <properties/>
  <testcase name="can make a list of locations of different types" classname="MyTests" time="0.019"/>
  <system-out><![CDATA[]]></system-out>
  <system-err><![CDATA[]]></system-err>
</testsuite>
