<?xml version="1.0" encoding="UTF-8"?>
<testsuite name="MyTests" tests="6" skipped="0" failures="0" errors="0" timestamp="2019-07-23T19:50:19" hostname="MacBook-Pro-2" time="0.025">
  <properties/>
  <testcase name="free parking test" classname="MyTests" time="0.003"/>
  <testcase name="warehouse test" classname="MyTests" time="0.002"/>
  <testcase name="go test" classname="MyTests" time="0.0"/>
  <testcase name="retail location test" classname="MyTests" time="0.001"/>
  <testcase name="currency class should alwatys return positive value" classname="MyTests" time="0.0"/>
  <testcase name="can make a list of locations of different types" classname="MyTests" time="0.017"/>
  <system-out><![CDATA[]]></system-out>
  <system-err><![CDATA[]]></system-err>
</testsuite>
