<?xml version="1.0" encoding="UTF-8"?>
<testsuite name="MyTests" tests="1" skipped="0" failures="0" errors="0" timestamp="2019-07-08T20:01:54" hostname="MacBook-Pro-2" time="0.002">
  <properties/>
  <testcase name="currency class should alwatys return positive value" classname="MyTests" time="0.002"/>
  <system-out><![CDATA[]]></system-out>
  <system-err><![CDATA[]]></system-err>
</testsuite>
