<?xml version="1.0" encoding="UTF-8"?>
<testsuite name="TestGameLedgerQueryFunctions" tests="14" skipped="0" failures="0" errors="0" timestamp="2019-09-06T09:58:05" hostname="MacBook-Pro-2" time="0.049">
  <properties/>
  <testcase name="getting locations for a player returns two locations if a player has bought two locations()" classname="TestGameLedgerQueryFunctions" time="0.029"/>
  <testcase name="getting balance for a new player added with £500 to the GameLedger gives £500()" classname="TestGameLedgerQueryFunctions" time="0.003"/>
  <testcase name="getting locations for a player returns a single location with supermarket if a player has bout a location and developed it()" classname="TestGameLedgerQueryFunctions" time="0.0"/>
  <testcase name="ownedLocation returns an empty list when nothing has been added to the GameLedger()" classname="TestGameLedgerQueryFunctions" time="0.002"/>
  <testcase name="ownedLocations returns two owned locations when two locations have been added to GameLedger()" classname="TestGameLedgerQueryFunctions" time="0.001"/>
  <testcase name="ownedLocations returns a single owned location when one has been added to GameLEdger()" classname="TestGameLedgerQueryFunctions" time="0.001"/>
  <testcase name="getting locations for a player returns no locations if the same property has been subsequently bought by another player()" classname="TestGameLedgerQueryFunctions" time="0.001"/>
  <testcase name="getting locations for a player returns a single undeveloped location if a player has only one undeveloeprd location()" classname="TestGameLedgerQueryFunctions" time="0.0"/>
  <testcase name="getting balance for a player with £200 credit and £150 debt has £50 credit in total()" classname="TestGameLedgerQueryFunctions" time="0.002"/>
  <testcase name="getting balance for a player with no credit pays rent of 200()" classname="TestGameLedgerQueryFunctions" time="0.001"/>
  <testcase name="get balance for a player not on GameLedger returns zero()" classname="TestGameLedgerQueryFunctions" time="0.0"/>
  <testcase name="getting locations for a player returns an empty list if a player hasnt bought any()" classname="TestGameLedgerQueryFunctions" time="0.0"/>
  <testcase name="ownedLocations returns a single owned location with correct building when one location has been added to GameLEdger and then built on()" classname="TestGameLedgerQueryFunctions" time="0.0"/>
  <testcase name="ownedLocations returns an empty list when transactions containing no location information have been added to the GameLedger()()" classname="TestGameLedgerQueryFunctions" time="0.001"/>
  <system-out><![CDATA[]]></system-out>
  <system-err><![CDATA[]]></system-err>
</testsuite>
