<?xml version="1.0" encoding="UTF-8"?>
<testsuite name="TestGameLedgerQueryFunctions" tests="6" skipped="0" failures="0" errors="0" timestamp="2019-09-05T20:07:29" hostname="MacBook-Pro-2" time="0.032">
  <properties/>
  <testcase name="getting balance for a new player added with £500 to the GameLedger gives £500()" classname="TestGameLedgerQueryFunctions" time="0.017"/>
  <testcase name="getting locations for a player returns a single undeveloped location if a player has only one undeveloeprd location()" classname="TestGameLedgerQueryFunctions" time="0.007"/>
  <testcase name="getting balance for a player with £200 credit and £150 debt has £50 credit in total()" classname="TestGameLedgerQueryFunctions" time="0.001"/>
  <testcase name="getting balance for a player with no credit pays rent of 200()" classname="TestGameLedgerQueryFunctions" time="0.001"/>
  <testcase name="get balance for a player not on GameLedger returns zero()" classname="TestGameLedgerQueryFunctions" time="0.001"/>
  <testcase name="getting locations for a player returns an empty list if a player hasnt bought any()" classname="TestGameLedgerQueryFunctions" time="0.001"/>
  <system-out><![CDATA[]]></system-out>
  <system-err><![CDATA[]]></system-err>
</testsuite>
