<?xml version="1.0" encoding="UTF-8"?>
<testsuite name="TestGameLedgerCommandFunctions" tests="10" skipped="0" failures="0" errors="0" timestamp="2019-09-09T17:35:40" hostname="MacBook-Pro-2" time="0.049">
  <properties/>
  <testcase name="Transaction is added when a player mortgages a property()" classname="TestGameLedgerCommandFunctions" time="0.03"/>
  <testcase name="Transaction is added when a player purchases a property from the bank()" classname="TestGameLedgerCommandFunctions" time="0.002"/>
  <testcase name="Transaction is added when a player sells a property to another player()" classname="TestGameLedgerCommandFunctions" time="0.002"/>
  <testcase name="Transaction is added when a player sells property to the bank()" classname="TestGameLedgerCommandFunctions" time="0.002"/>
  <testcase name="Transaction is added when a player builds on a location()" classname="TestGameLedgerCommandFunctions" time="0.001"/>
  <testcase name="Transaction is added to GameLedger for new player()" classname="TestGameLedgerCommandFunctions" time="0.001"/>
  <testcase name="Transaction is added when a player unmortgages a property()" classname="TestGameLedgerCommandFunctions" time="0.002"/>
  <testcase name="A mortgaged sale transaction is added when a player sells a mortgaged property to another player()" classname="TestGameLedgerCommandFunctions" time="0.002"/>
  <testcase name="Transaction is added to GameLedger when player passes go()" classname="TestGameLedgerCommandFunctions" time="0.001"/>
  <testcase name="Transaction is added to GameLedger when one player pays rent to another()" classname="TestGameLedgerCommandFunctions" time="0.001"/>
  <system-out><![CDATA[]]></system-out>
  <system-err><![CDATA[]]></system-err>
</testsuite>
