<?xml version="1.0" encoding="UTF-8"?>
<testsuite name="TestGameLedgerQueryFunctions" tests="1" skipped="0" failures="0" errors="0" timestamp="2019-09-06T10:38:47" hostname="MacBook-Pro-2" time="0.027">
  <properties/>
  <testcase name="when a single transaction involving a location has been added to GameLedger, the correct owner and basic rent is returned ()" classname="TestGameLedgerQueryFunctions" time="0.027"/>
  <system-out><![CDATA[]]></system-out>
  <system-err><![CDATA[]]></system-err>
</testsuite>
