<?xml version="1.0" encoding="UTF-8"?>
<testsuite name="TestGameLedgerCommandFunctions" tests="1" skipped="0" failures="0" errors="0" timestamp="2019-09-06T14:58:36" hostname="MacBook-Pro-2" time="0.032">
  <properties/>
  <testcase name="Transaction is added when a player builds on a location()" classname="TestGameLedgerCommandFunctions" time="0.032"/>
  <system-out><![CDATA[]]></system-out>
  <system-err><![CDATA[]]></system-err>
</testsuite>
