<?xml version="1.0" encoding="UTF-8"?>
<testsuite name="TestGameLedgerQueryFunctions" tests="1" skipped="0" failures="0" errors="0" timestamp="2019-09-06T07:30:47" hostname="MacBook-Pro-2" time="0.022">
  <properties/>
  <testcase name="getting locations for a player returns a single undeveloped location if a player has only one undeveloeprd location()" classname="TestGameLedgerQueryFunctions" time="0.022"/>
  <system-out><![CDATA[]]></system-out>
  <system-err><![CDATA[]]></system-err>
</testsuite>
