<?xml version="1.0" encoding="UTF-8"?>
<testsuite name="TestGameLedgerCommandFunctions" tests="1" skipped="0" failures="0" errors="0" timestamp="2019-09-06T17:33:33" hostname="MacBook-Pro-2" time="0.042">
  <properties/>
  <testcase name="A sale transaction and a mortgage transaction is added when a player sells a mortgaged property to another player()" classname="TestGameLedgerCommandFunctions" time="0.042"/>
  <system-out><![CDATA[]]></system-out>
  <system-err><![CDATA[]]></system-err>
</testsuite>
