<?xml version="1.0" encoding="UTF-8"?>
<testsuite name="TestGameLedgerQueryFunctions" tests="1" skipped="0" failures="0" errors="0" timestamp="2019-09-05T19:36:42" hostname="MacBook-Pro-2" time="0.028">
  <properties/>
  <testcase name="getting locations for a player returns an empty list if a player hasnt bought any()" classname="TestGameLedgerQueryFunctions" time="0.028"/>
  <system-out><![CDATA[]]></system-out>
  <system-err><![CDATA[]]></system-err>
</testsuite>
