<?xml version="1.0" encoding="UTF-8"?>
<testsuite name="MainTest" tests="1" skipped="0" failures="0" errors="0" timestamp="2019-08-23T11:56:08" hostname="MacBook-Pro-2" time="0.032">
  <properties/>
  <testcase name="distinctValues returns distinct values in the correct order()" classname="MainTest" time="0.032"/>
  <system-out><![CDATA[]]></system-out>
  <system-err><![CDATA[]]></system-err>
</testsuite>
