<?xml version="1.0" encoding="UTF-8"?>
<testsuite name="MainTest" tests="1" skipped="0" failures="0" errors="0" timestamp="2019-08-23T10:45:31" hostname="MacBook-Pro-2" time="0.57">
  <properties/>
  <testcase name="ParseJsonIntoPubs parses a json array containing more than one pub()" classname="MainTest" time="0.57"/>
  <system-out><![CDATA[]]></system-out>
  <system-err><![CDATA[]]></system-err>
</testsuite>
