<?xml version="1.0" encoding="UTF-8"?>
<testsuite name="MainTest" tests="1" skipped="0" failures="0" errors="0" timestamp="2019-08-25T15:42:15" hostname="MacBook-Pro-2" time="0.037">
  <properties/>
  <testcase name="FlattenEachPub returns an array of regular beers()" classname="MainTest" time="0.037"/>
  <system-out><![CDATA[]]></system-out>
  <system-err><![CDATA[]]></system-err>
</testsuite>
