<?xml version="1.0" encoding="UTF-8"?>
<testsuite name="MainTest" tests="1" skipped="0" failures="0" errors="0" timestamp="2019-08-25T10:39:37" hostname="MacBook-Pro-2" time="0.034">
  <properties/>
  <testcase name="flattenGuestBeers returns an array of beers()" classname="MainTest" time="0.034"/>
  <system-out><![CDATA[]]></system-out>
  <system-err><![CDATA[]]></system-err>
</testsuite>
