<?xml version="1.0" encoding="UTF-8"?>
<testsuite name="MainTest" tests="4" skipped="0" failures="0" errors="0" timestamp="2019-07-25T20:30:20" hostname="MacBook-Pro-2" time="0.006">
  <properties/>
  <testcase name="Create an Empty GameLedger" classname="MainTest" time="0.002"/>
  <testcase name="Transaction is added to GameLedger for new player" classname="MainTest" time="0.002"/>
  <testcase name="Transaction is added to GameLedger when player passes go" classname="MainTest" time="0.001"/>
  <testcase name="Transaction is added to GameLedger when one player pays rent to another" classname="MainTest" time="0.001"/>
  <system-out><![CDATA[]]></system-out>
  <system-err><![CDATA[]]></system-err>
</testsuite>
