<?xml version="1.0" encoding="UTF-8"?>
<testsuite name="MainTest" tests="1" skipped="0" failures="0" errors="0" timestamp="2019-07-30T16:36:57" hostname="MacBook-Pro-2" time="0.006">
  <properties/>
  <testcase name="get all credits for a player" classname="MainTest" time="0.006"/>
  <system-out><![CDATA[]]></system-out>
  <system-err><![CDATA[]]></system-err>
</testsuite>
