<?xml version="1.0" encoding="UTF-8"?>
<testsuite name="MainTest" tests="5" skipped="0" failures="0" errors="0" timestamp="2019-07-27T12:00:59" hostname="MacBook-Pro-2" time="0.014">
  <properties/>
  <testcase name="Transaction is added when a player purchases a property from the bank" classname="MainTest" time="0.01"/>
  <testcase name="Transaction is added when a player builds on a location" classname="MainTest" time="0.002"/>
  <testcase name="Transaction is added to GameLedger for new player" classname="MainTest" time="0.0"/>
  <testcase name="Transaction is added to GameLedger when player passes go" classname="MainTest" time="0.0"/>
  <testcase name="Transaction is added to GameLedger when one player pays rent to another" classname="MainTest" time="0.001"/>
  <system-out><![CDATA[]]></system-out>
  <system-err><![CDATA[]]></system-err>
</testsuite>
