<?xml version="1.0" encoding="UTF-8"?>
<testsuite name="MainTest" tests="3" skipped="0" failures="0" errors="0" timestamp="2019-07-25T20:10:30" hostname="MacBook-Pro-2" time="0.003">
  <properties/>
  <testcase name="Create an Empty GameLedger" classname="MainTest" time="0.001"/>
  <testcase name="Transaction is added to GameLedger for new player" classname="MainTest" time="0.001"/>
  <testcase name="Transaction is added to GameLedger when player passes go" classname="MainTest" time="0.0"/>
  <system-out><![CDATA[]]></system-out>
  <system-err><![CDATA[]]></system-err>
</testsuite>
