<?xml version="1.0" encoding="UTF-8"?>
<testsuite name="MainTest" tests="1" skipped="0" failures="0" errors="0" timestamp="2019-10-01T14:15:10" hostname="MacBook-Pro-3.local" time="0.042">
  <properties/>
  <testcase name="Re-ordering a list of four shops in a random order returns shops in the correct order()" classname="MainTest" time="0.042"/>
  <system-out><![CDATA[]]></system-out>
  <system-err><![CDATA[]]></system-err>
</testsuite>
