<?xml version="1.0" encoding="UTF-8"?>
<testsuite name="MainTest" tests="19" skipped="0" failures="0" errors="0" timestamp="2019-10-02T11:50:55" hostname="MacBook-Pro-3.local" time="0.267">
  <properties/>
  <testcase name="closest shop to peter jones is head office ()" classname="MainTest" time="0.082"/>
  <testcase name="string containing invalid data for lng and lat returns an empty list()" classname="MainTest" time="0.027"/>
  <testcase name="distance to same shop is zero ()" classname="MainTest" time="0.003"/>
  <testcase name="Re-ordering a list of three shops in correct order returns a list of three shops()" classname="MainTest" time="0.01"/>
  <testcase name="string containing data for two shops converts to a list of two shops()" classname="MainTest" time="0.008"/>
  <testcase name="string containing data for one shop converts to a list of one shop()" classname="MainTest" time="0.009"/>
  <testcase name="distance between Liverpool and London should be 177()" classname="MainTest" time="0.006"/>
  <testcase name="closest shop is null if the list of all shops is empty ()" classname="MainTest" time="0.006"/>
  <testcase name="Re-ordering a list of four shops in a random order returns shops in the correct order()" classname="MainTest" time="0.005"/>
  <testcase name="Re-ordering a list of one shop returns a list of one shop()" classname="MainTest" time="0.006"/>
  <testcase name="Re-ordering a list of three shops in incorrect order returns a list of three shops()" classname="MainTest" time="0.002"/>
  <testcase name="Re-ordering an empty list of shops creates an empty list of shops()" classname="MainTest" time="0.002"/>
  <testcase name="string containing an invalid number of elements returns empty list of shops()" classname="MainTest" time="0.001"/>
  <testcase name="liverpool is the last shop on the new list of shops then closest shop is oxford street ()" classname="MainTest" time="0.002"/>
  <testcase name="Empty string converts to an empty list of shops()" classname="MainTest" time="0.001"/>
  <testcase name="Re-ordering a list of two shops returns a list of two shop()" classname="MainTest" time="0.002"/>
  <testcase name="distance between Peter Jones shop and Oxford Street shop is roughly 3 miles ()" classname="MainTest" time="0.0"/>
  <testcase name="distance between Peter Jones location and Oxford Street location should be 3 miles()" classname="MainTest" time="0.002"/>
  <testcase name="closest shop is null if the list of new shops is empty ()" classname="MainTest" time="0.001"/>
  <system-out><![CDATA[]]></system-out>
  <system-err><![CDATA[]]></system-err>
</testsuite>
