<?xml version="1.0" encoding="UTF-8"?>
<testsuite name="MainTest" tests="36" skipped="0" failures="0" errors="0" timestamp="2019-10-03T22:36:40" hostname="MacBook-Pro-2" time="0.502">
  <properties/>
  <testcase name="closest shop to peter jones is head office ()" classname="MainTest" time="0.033"/>
  <testcase name="an array of data converts to a shop correctly()" classname="MainTest" time="0.009"/>
  <testcase name="string containing invalid data for lng and lat returns an empty list()" classname="MainTest" time="0.005"/>
  <testcase name="journey time is calculated correctly if array of shops contains three shops but not all reachable in same day()" classname="MainTest" time="0.003"/>
  <testcase name="journey time is zero if there is two shops in the string that are not reachable in the time allowed()" classname="MainTest" time="0.001"/>
  <testcase name="distance to same shop is zero ()" classname="MainTest" time="0.001"/>
  <testcase name="journey time is calculated correctly if there is three shops in the string that are reachable in the same day()" classname="MainTest" time="0.002"/>
  <testcase name="journey time is calculated as zero if array of shops contains two shops with shop too far away to reach()" classname="MainTest" time="0.001"/>
  <testcase name="Re-ordering a list of three shops in correct order returns a list of three shops()" classname="MainTest" time="0.001"/>
  <testcase name="journey time is zero if there are no shops()" classname="MainTest" time="0.001"/>
  <testcase name="journey time is calculated correctly if array of shops contains many shops ()" classname="MainTest" time="0.001"/>
  <testcase name="string containing data for two shops converts to a list of two shops()" classname="MainTest" time="0.001"/>
  <testcase name="Test with the data from the challenge()" classname="MainTest" time="0.424"/>
  <testcase name="string containing data for one shop converts to a list of one shop()" classname="MainTest" time="0.001"/>
  <testcase name="distance between Liverpool and London should be 177()" classname="MainTest" time="0.001"/>
  <testcase name="journey time is calculated correctly if array of shops is empty()" classname="MainTest" time="0.001"/>
  <testcase name="closest shop is null if the list of all shops is empty ()" classname="MainTest" time="0.0"/>
  <testcase name="journey time is calculated correctly if array of shops contains many shops with one in the middle unreachable ()" classname="MainTest" time="0.001"/>
  <testcase name="Re-ordering a list of four shops in a random order returns shops in the correct order()" classname="MainTest" time="0.001"/>
  <testcase name="Re-ordering a list of one shop returns a list of one shop()" classname="MainTest" time="0.0"/>
  <testcase name="Re-ordering a list of three shops in incorrect order returns a list of three shops()" classname="MainTest" time="0.001"/>
  <testcase name="journey time is calculated correctly if array of shops contains four shops that will take over 2 days to get around ()" classname="MainTest" time="0.0"/>
  <testcase name="Re-ordering an empty list of shops creates an empty list of shops()" classname="MainTest" time="0.0"/>
  <testcase name="journey time is zero if there is one shop in the string()" classname="MainTest" time="0.001"/>
  <testcase name="string containing an invalid number of elements returns empty list of shops()" classname="MainTest" time="0.0"/>
  <testcase name="journey time is calculated correctly if there is three shops in the string that are not all reachable in the same day()" classname="MainTest" time="0.001"/>
  <testcase name="liverpool is the last shop on the new list of shops then closest shop is oxford street ()" classname="MainTest" time="0.0"/>
  <testcase name="Empty string converts to an empty list of shops()" classname="MainTest" time="0.0"/>
  <testcase name="Re-ordering a list of two shops returns a list of two shop()" classname="MainTest" time="0.0"/>
  <testcase name="journey time is calculated correctly if array of shops contains three shops all reachable in same day()" classname="MainTest" time="0.0"/>
  <testcase name="distance between Peter Jones shop and Oxford Street shop is roughly 3 miles ()" classname="MainTest" time="0.0"/>
  <testcase name="journey time is calculated correctly if array of shops contains two shops()" classname="MainTest" time="0.0"/>
  <testcase name="journey time is calculated correctly if there is two shops in the string that are reachable in the time allowed()" classname="MainTest" time="0.001"/>
  <testcase name="distance between Peter Jones location and Oxford Street location should be 3 miles()" classname="MainTest" time="0.0"/>
  <testcase name="journey time is calculated correctly if array of shops contains one shop()" classname="MainTest" time="0.0"/>
  <testcase name="closest shop is null if the list of new shops is empty ()" classname="MainTest" time="0.0"/>
  <system-out><![CDATA[Shop(name=shop2, postcode=pc2, geoLocation=GeoLocation(lat=1.0, lng=2.0), distanceFromLastShop=300.0) time so far: 37200.0
Shop(name=shop3, postcode=pc3, geoLocation=GeoLocation(lat=1.0, lng=2.0), distanceFromLastShop=30.0) time so far: 91200.0
Shop(name=Victoria 171, postcode=SW1E 5NN, geoLocation=GeoLocation(lat=51.496466, lng=-0.141499), distanceFromLastShop=0.8096236440680009) time so far: 1297.15483728816
Shop(name=Liverpool, postcode=L1, geoLocation=GeoLocation(lat=53.403799, lng=-2.987648), distanceFromLastShop=178.43540160093957) time so far: 23909.40302940091
Shop(name=shop2, postcode=pc2, geoLocation=GeoLocation(lat=1.0, lng=2.0), distanceFromLastShop=150.0) time so far: 19200.0
Shop(name=shop3, postcode=pc3, geoLocation=GeoLocation(lat=1.0, lng=2.0), distanceFromLastShop=300.0) time so far: 123600.0
Shop(name=shop4, postcode=pc4, geoLocation=GeoLocation(lat=1.0, lng=2.0), distanceFromLastShop=90.0) time so far: 184800.0
Shop(name=shop5, postcode=pc5, geoLocation=GeoLocation(lat=1.0, lng=2.0), distanceFromLastShop=90.0) time so far: 196800.0
Shop(name=shop6, postcode=pc6, geoLocation=GeoLocation(lat=1.0, lng=2.0), distanceFromLastShop=150.0) time so far: 278400.0
Testing with real data
======================
Shop(name=John Lewis.com, postcode=SW1E 5NN, geoLocation=GeoLocation(lat=51.496466, lng=-0.141499), distanceFromLastShop=0.0) time so far: 1200.0
Shop(name=Victoria Bressenden Place, postcode=SW1E 5DH, geoLocation=GeoLocation(lat=51.498149, lng=-0.142601), distanceFromLastShop=0.12569237063991653) time so far: 2415.0830844767897
Shop(name=Victoria Street, postcode=SW1E 6QP, geoLocation=GeoLocation(lat=51.497552, lng=-0.137377), distanceFromLastShop=0.22916521856592026) time so far: 3642.5829107047
Shop(name=Pimlico, postcode=SW1V 1QT, geoLocation=GeoLocation(lat=51.492549, lng=-0.139468), distanceFromLastShop=0.35744663977591) time so far: 4885.47650747781
Shop(name=BATTERSEA NINE ELMS, postcode=SW11 7DN, geoLocation=GeoLocation(lat=51.482165, lng=-0.134422), distanceFromLastShop=0.7501802203197941) time so far: 6175.498133916185
Shop(name=Vauxhall, postcode=SW8 1SJ, geoLocation=GeoLocation(lat=51.484859, lng=-0.124111), distanceFromLastShop=0.48246077505294443) time so far: 7433.393426922538
Shop(name=Battersea, postcode=SW8 4LT, geoLocation=GeoLocation(lat=51.477121, lng=-0.148161), distanceFromLastShop=1.1678726135048394) time so far: 8773.538140543118
Shop(name=Clapham Common, postcode=SW4 0HY, geoLocation=GeoLocation(lat=51.462044, lng=-0.139259), distanceFromLastShop=1.1109175934090885) time so far: 10106.848251752208
Shop(name=Clapham Junction, postcode=SW11 1PW, geoLocation=GeoLocation(lat=51.462774, lng=-0.167921), distanceFromLastShop=1.2387662394126422) time so far: 11455.500200481725
Shop(name=Wandsworth, postcode=SW18 4TF, geoLocation=GeoLocation(lat=51.454261, lng=-0.193594), distanceFromLastShop=1.255267291162146) time so far: 12806.132275421183
Shop(name=East Putney, postcode=SW15 2SP, geoLocation=GeoLocation(lat=51.459909, lng=-0.211879), distanceFromLastShop=0.8809650322675016) time so far: 14111.848079293284
Shop(name=Putney, postcode=SW15 1TW, geoLocation=GeoLocation(lat=51.463729, lng=-0.216481), distanceFromLastShop=0.33050923984094743) time so far: 15351.509188074198
Shop(name=Parsons Green, postcode=SW6 4TN, geoLocation=GeoLocation(lat=51.474412, lng=-0.201175), distanceFromLastShop=0.9910595298261173) time so far: 16670.436331653334
Shop(name=Fulham, postcode=SW6 1LX, geoLocation=GeoLocation(lat=51.480312, lng=-0.199502), distanceFromLastShop=0.41422555939774997) time so far: 17920.143398781063
Shop(name=West Kensington, postcode=W14 9PP, geoLocation=GeoLocation(lat=51.488602, lng=-0.205255), distanceFromLastShop=0.6245909562621519) time so far: 19195.09431353252
Shop(name=Fulham Palace Road, postcode=W6 8QX, geoLocation=GeoLocation(lat=51.484188, lng=-0.219542), distanceFromLastShop=0.6880176723792574) time so far: 20477.65643421803
Shop(name=Kensington, postcode=W8 6SA, geoLocation=GeoLocation(lat=51.4992, lng=-0.19725), distanceFromLastShop=1.415127093935127) time so far: 21847.471685490247
Shop(name=Notting Hill Gate, postcode=W11 3QG, geoLocation=GeoLocation(lat=51.508796, lng=-0.199821), distanceFromLastShop=0.6726065509846327) time so far: 23128.1844716084
Shop(name=Kensington Gardens, postcode=W2 3HJ, geoLocation=GeoLocation(lat=51.510789, lng=-0.183227), distanceFromLastShop=0.7289907847568136) time so far: 24415.66336577922
Shop(name=Bayswater, postcode=W2 6ES, geoLocation=GeoLocation(lat=51.517146, lng=-0.187706), distanceFromLastShop=0.4800700578870538) time so far: 25673.271772725664
Shop(name=Edgware Road, postcode=W2 2DS, geoLocation=GeoLocation(lat=51.517727, lng=-0.166246), distanceFromLastShop=0.9264832960157268) time so far: 26984.449768247552
Shop(name=Marylebone, postcode=W1U 4SD, geoLocation=GeoLocation(lat=51.519519, lng=-0.152077), distanceFromLastShop=0.6235517100290904) time so far: 28259.275973451044
Shop(name=JL Foodhall Oxford Street, postcode=W1C 1DX, geoLocation=GeoLocation(lat=51.515057, lng=-0.145109), distanceFromLastShop=0.4306751729463311) time so far: 29510.956994204604
Shop(name=Bloomsbury, postcode=WC1N 1AF, geoLocation=GeoLocation(lat=51.524273, lng=-0.123529), distanceFromLastShop=1.1279246359319883) time so far: 30846.307950516442
Shop(name=John Lewis Oxford Street, postcode=W1A 1EX, geoLocation=GeoLocation(lat=51.524565, lng=-0.112042), distanceFromLastShop=0.49579239052860286) time so far: 32105.803037379876
Shop(name=Clerkenwell, postcode=EC1V 4DE, geoLocation=GeoLocation(lat=51.524254, lng=-0.102786), distanceFromLastShop=0.39974722643401855) time so far: 33353.77270455196
Shop(name=Barbican, postcode=EC1Y 8NX, geoLocation=GeoLocation(lat=51.521846, lng=-0.092363), distanceFromLastShop=0.47934490329643636) time so far: 34611.29409294753
Shop(name=Walbrook, postcode=EC4N 8AF, geoLocation=GeoLocation(lat=51.512154, lng=-0.090177), distanceFromLastShop=0.6766365089615831) time so far: 35892.49047402292
Shop(name=Monument, postcode=EC4R 9AN, geoLocation=GeoLocation(lat=51.509974, lng=-0.086735), distanceFromLastShop=0.21156535800587453) time so far: 37117.878316983624
Shop(name=St Katharine Docks, postcode=E1W 1YY, geoLocation=GeoLocation(lat=51.507298, lng=-0.067249), distanceFromLastShop=0.860747489963766) time so far: 87703.28969879565
Shop(name=South Bank Tower, postcode=SE1 9LQ, geoLocation=GeoLocation(lat=51.507644, lng=-0.107208), distanceFromLastShop=1.7240526732534334) time so far: 89110.17601958607
Shop(name=High Holborn, postcode=WC1V 7EX, geoLocation=GeoLocation(lat=51.517425, lng=-0.11878), distanceFromLastShop=0.8404800414740878) time so far: 90411.03362456296
Shop(name=John Lewis St Pancras, postcode=N1C 4QL, geoLocation=GeoLocation(lat=51.531428, lng=-0.126147), distanceFromLastShop=1.0188675958994562) time so far: 91733.29773607089
Shop(name=Kings Cross Station, postcode=N1C 4AP, geoLocation=GeoLocation(lat=51.53238, lng=-0.123297), distanceFromLastShop=0.1394016472205681) time so far: 92950.02593373736
Shop(name=Cookery School (Kings Cross), postcode=N1C 4BZ, geoLocation=GeoLocation(lat=51.536153, lng=-0.123462), distanceFromLastShop=0.2609357721183688) time so far: 94181.33822639156
Shop(name=Kings Cross, postcode=N1C 4BZ, geoLocation=GeoLocation(lat=51.536153, lng=-0.123462), distanceFromLastShop=0.0) time so far: 95381.33822639156
Shop(name=Islington, postcode=N1 0RW, geoLocation=GeoLocation(lat=51.533778, lng=-0.107122), distanceFromLastShop=0.7233859628950433) time so far: 96668.14454193896
Shop(name=Highbury Corner, postcode=N5 1RD, geoLocation=GeoLocation(lat=51.546706, lng=-0.103742), distanceFromLastShop=0.9055525298872792) time so far: 97976.81084552544
Shop(name=Holloway Road, postcode=N7 6PA, geoLocation=GeoLocation(lat=51.555805, lng=-0.115986), distanceFromLastShop=0.8210846027928036) time so far: 99275.34099786058
Shop(name=Crouch End, postcode=N8 8DU, geoLocation=GeoLocation(lat=51.578992, lng=-0.124119), distanceFromLastShop=1.6408477882477337) time so far: 100672.24273245031
Shop(name=Muswell Hill, postcode=N10 1DJ, geoLocation=GeoLocation(lat=51.591643, lng=-0.142442), distanceFromLastShop=1.1779941440966402) time so far: 102013.6020297419
Shop(name=Finchley, postcode=N12 8NR, geoLocation=GeoLocation(lat=51.611324, lng=-0.179779), distanceFromLastShop=2.105990750975896) time so far: 103466.32091985902
Shop(name=Finchley Central, postcode=N3 2LN, geoLocation=GeoLocation(lat=51.600227, lng=-0.194666), distanceFromLastShop=0.9996337053636962) time so far: 104786.27696450266
Shop(name=Mill Hill, postcode=NW7 1GU, geoLocation=GeoLocation(lat=51.607255, lng=-0.209031), distanceFromLastShop=0.786456787932784) time so far: 106080.65177905459
Shop(name=Temple Fortune, postcode=NW11 0QS, geoLocation=GeoLocation(lat=51.58306, lng=-0.199908), distanceFromLastShop=1.7181973825230636) time so far: 107486.83546495736
Shop(name=Brent Cross, postcode=NW4 3FQ, geoLocation=GeoLocation(lat=51.576416, lng=-0.223792), distanceFromLastShop=1.1266414310090034) time so far: 108822.03243667845
Shop(name=John Lewis Brent Cross, postcode=NW4 3FL, geoLocation=GeoLocation(lat=51.576416, lng=-0.223792), distanceFromLastShop=0.0) time so far: 110022.03243667845
Shop(name=West Hampstead, postcode=NW6 1RN, geoLocation=GeoLocation(lat=51.55151, lng=-0.192784), distanceFromLastShop=2.1794052816257086) time so far: 111483.56107047353
Shop(name=Cookery School (Finchley Road), postcode=NW3 6NN, geoLocation=GeoLocation(lat=51.546563, lng=-0.179884), distanceFromLastShop=0.6527790961374623) time so far: 112761.89456201001
Shop(name=John Barnes, postcode=NW3 6NN, geoLocation=GeoLocation(lat=51.546563, lng=-0.179884), distanceFromLastShop=0.0) time so far: 113961.89456201001
Shop(name=John Lewis White City Westfield, postcode=W12 7FU, geoLocation=GeoLocation(lat=51.510392, lng=-0.222345), distanceFromLastShop=3.099280041153213) time so far: 115533.80816694841
Shop(name=Westfield London, postcode=W12 7GA, geoLocation=GeoLocation(lat=51.508055, lng=-0.223647), distanceFromLastShop=0.17104816229126538) time so far: 116754.33394642336
Shop(name=Chiswick, postcode=W4 5TA, geoLocation=GeoLocation(lat=51.492629, lng=-0.262436), distanceFromLastShop=1.984558427862844) time so far: 118192.48095776691
Shop(name=East Sheen, postcode=SW14 7JG, geoLocation=GeoLocation(lat=51.464367, lng=-0.269248), distanceFromLastShop=1.9758235982236019) time so far: 119629.57978955374
Shop(name=Richmond, postcode=TW9 1AE, geoLocation=GeoLocation(lat=51.462337, lng=-0.301404), distanceFromLastShop=1.39566748957762) time so far: 120997.05988830305
Shop(name=Twickenham, postcode=TW1 3RJ, geoLocation=GeoLocation(lat=51.448298, lng=-0.328809), distanceFromLastShop=1.5306726517790867) time so far: 122380.74060651654
Shop(name=SKY (OSTERLEY), postcode=TW7 5QD, geoLocation=GeoLocation(lat=51.487377, lng=-0.329267), distanceFromLastShop=2.7016897499303694) time so far: 174324.20276999165
Shop(name=West Ealing, postcode=W13 0NL, geoLocation=GeoLocation(lat=51.513117, lng=-0.321978), distanceFromLastShop=1.8070523760422985) time so far: 175741.04905511672
Shop(name=Ealing, postcode=W5 3HJ, geoLocation=GeoLocation(lat=51.516077, lng=-0.290845), distanceFromLastShop=1.3584128443962153) time so far: 177104.05859644426
Shop(name=South Harrow, postcode=HA2 0EG, geoLocation=GeoLocation(lat=51.567669, lng=-0.352161), distanceFromLastShop=4.439402425732198) time so far: 178836.78688753213
Shop(name=South Harrow Petrol Station, postcode=HA2 0EG, geoLocation=GeoLocation(lat=51.567669, lng=-0.352161), distanceFromLastShop=0.0) time so far: 180036.78688753213
Shop(name=Harrow Weald, postcode=HA3 6HF, geoLocation=GeoLocation(lat=51.60534, lng=-0.339606), distanceFromLastShop=2.659869437085423) time so far: 181555.97121998237
Shop(name=Northwood, postcode=HA6 2XW, geoLocation=GeoLocation(lat=51.611233, lng=-0.423317), distanceFromLastShop=3.62639053525682) time so far: 183191.1380842132
Shop(name=Ruislip, postcode=HA4 7DS, geoLocation=GeoLocation(lat=51.571358, lng=-0.423038), distanceFromLastShop=2.7567311283308205) time so far: 184721.94581961288
Shop(name=Waterside, postcode=UB7 0GB, geoLocation=GeoLocation(lat=51.537324, lng=-0.487355), distanceFromLastShop=3.635841758990425) time so far: 186358.24683069176
Shop(name=Gerrards Cross, postcode=SL9 8ES, geoLocation=GeoLocation(lat=51.588217, lng=-0.551109), distanceFromLastShop=4.463825743018529) time so far: 188093.90591985398
Shop(name=Beaconsfield, postcode=HP9 2PW, geoLocation=GeoLocation(lat=51.61222, lng=-0.646524), distanceFromLastShop=4.430474535520063) time so far: 189825.5628641164
Shop(name=Hazlemere, postcode=HP15 7LG, geoLocation=GeoLocation(lat=51.651732, lng=-0.713128), distanceFromLastShop=3.9589358772771344) time so far: 191500.63516938963
Shop(name=High Wycombe, postcode=HP11 1TJ, geoLocation=GeoLocation(lat=51.615115, lng=-0.760498), distanceFromLastShop=3.2498819632414073) time so far: 193090.6210049786
Shop(name=John Lewis High Wycombe, postcode=HP12 4NW, geoLocation=GeoLocation(lat=51.611123, lng=-0.782847), distanceFromLastShop=1.0007428050679328) time so far: 194410.71014158675
Shop(name=Marlow, postcode=SL7 1DD, geoLocation=GeoLocation(lat=51.573352, lng=-0.775079), distanceFromLastShop=2.6325856321391377) time so far: 195926.62041744345
Shop(name=Maidenhead, postcode=SL6 8AF, geoLocation=GeoLocation(lat=51.523131, lng=-0.714723), distanceFromLastShop=4.338459357173135) time so far: 197647.23554030422
Shop(name=Windsor New, postcode=SL4 1TG, geoLocation=GeoLocation(lat=51.482208, lng=-0.610614), distanceFromLastShop=5.308564217662927) time so far: 199484.2632464238
Shop(name=Egham, postcode=TW20 9HZ, geoLocation=GeoLocation(lat=51.431742, lng=-0.546661), distanceFromLastShop=4.44981874430877) time so far: 201218.24149574083
Shop(name=Sunningdale, postcode=SL5 0HD, geoLocation=GeoLocation(lat=51.391595, lng=-0.63364), distanceFromLastShop=4.673598157883658) time so far: 202979.07327468687
Shop(name=Bagshot, postcode=GU19 5DH, geoLocation=GeoLocation(lat=51.355975, lng=-0.699842), distanceFromLastShop=3.7773564465703164) time so far: 204632.3560482753
Shop(name=Frimley, postcode=GU16 7JD, geoLocation=GeoLocation(lat=51.314419, lng=-0.744138), distanceFromLastShop=3.4543283037018693) time so far: 206246.87544471954
Shop(name=Sandhurst, postcode=GU47 0PU, geoLocation=GeoLocation(lat=51.341129, lng=-0.778368), distanceFromLastShop=2.3679897326535775) time so far: 207731.03421263798
Shop(name=Yateley, postcode=GU46 6FR, geoLocation=GeoLocation(lat=51.338895, lng=-0.846275), distanceFromLastShop=2.9443818178475065) time so far: 209284.36003077967
Shop(name=Fleet South Services, postcode=GU51 1AA, geoLocation=GeoLocation(lat=51.295546, lng=-0.855807), distanceFromLastShop=3.0250506850869026) time so far: 260763.00608221043
Shop(name=Fleet, postcode=GU51 3LA, geoLocation=GeoLocation(lat=51.280883, lng=-0.841504), distanceFromLastShop=1.1882361943704784) time so far: 262105.5944255349
Shop(name=Farnham, postcode=GU9 7HD, geoLocation=GeoLocation(lat=51.21551, lng=-0.802169), distanceFromLastShop=4.83070033743631) time so far: 263885.27846602723
Shop(name=Alton, postcode=GU34 2WT, geoLocation=GeoLocation(lat=51.152833, lng=-0.967194), distanceFromLastShop=8.377188675877472) time so far: 266090.54110713257
Shop(name=BASINGSTOKE, postcode=RG21 4BF, geoLocation=GeoLocation(lat=51.268043, lng=-1.081862), distanceFromLastShop=9.392652362921035) time so far: 268417.65939068305
Shop(name=John Lewis at home Basingstoke, postcode=RG21 4BF, geoLocation=GeoLocation(lat=51.268043, lng=-1.081862), distanceFromLastShop=0.0) time so far: 269617.65939068305
Shop(name=Thatcham, postcode=RG19 3HN, geoLocation=GeoLocation(lat=51.402759, lng=-1.256786), distanceFromLastShop=12.004593428635044) time so far: 272258.2106021193
Shop(name=John Lewis at home Newbury, postcode=RG14 1AY, geoLocation=GeoLocation(lat=51.403953, lng=-1.323382), distanceFromLastShop=2.8807698716666104) time so far: 273803.9029867193
Shop(name=Newbury, postcode=RG14 1NB, geoLocation=GeoLocation(lat=51.407117, lng=-1.329292), distanceFromLastShop=0.3363649251239811) time so far: 275044.26677773416
Shop(name=Membury Services, postcode=RG17 7TZ, geoLocation=GeoLocation(lat=51.483486, lng=-1.557179), distanceFromLastShop=11.171041409982971) time so far: 277584.7917469321
Shop(name=Marlborough, postcode=SN8 1AA, geoLocation=GeoLocation(lat=51.420942, lng=-1.729931), distanceFromLastShop=8.623988506326322) time so far: 279819.67036769126
Shop(name=Swindon, postcode=SN1 7BX, geoLocation=GeoLocation(lat=51.544828, lng=-1.807138), distanceFromLastShop=9.190076548633607) time so far: 282122.4795535273
Shop(name=John Lewis at home Swindon, postcode=SN5 8WA, geoLocation=GeoLocation(lat=51.554305, lng=-1.812896), distanceFromLastShop=0.7006049242168739) time so far: 283406.5521444333
Shop(name=John Lewis Outlet Swindon, postcode=SN2 2DY, geoLocation=GeoLocation(lat=51.562463, lng=-1.798364), distanceFromLastShop=0.842763323752615) time so far: 284707.6837432836
Shop(name=Faringdon, postcode=SN7 7GQ, geoLocation=GeoLocation(lat=51.650249, lng=-1.575547), distanceFromLastShop=11.350561814085658) time so far: 287269.7511609739
Shop(name=Wantage, postcode=OX12 8BD, geoLocation=GeoLocation(lat=51.588841, lng=-1.424919), distanceFromLastShop=7.748808150476092) time so far: 289399.60813903104
Shop(name=Abingdon, postcode=OX14 3HL, geoLocation=GeoLocation(lat=51.672083, lng=-1.279705), distanceFromLastShop=8.494354410507402) time so far: 291618.9306682919
Shop(name=John Lewis Oxford, postcode=OX1 1PB, geoLocation=GeoLocation(lat=51.749895, lng=-1.261618), distanceFromLastShop=5.435336723671137) time so far: 293471.17107513244
Shop(name=Oxford Botley Road, postcode=OX2 0HH, geoLocation=GeoLocation(lat=51.75267, lng=-1.27938), distanceFromLastShop=0.7859555663044613) time so far: 294765.485743089
Shop(name=Headington - London Road, postcode=OX3 7RD, geoLocation=GeoLocation(lat=51.759531, lng=-1.213994), distanceFromLastShop=2.845280572474268) time so far: 296306.9194117859
Shop(name=Headington, postcode=OX3 9HP, geoLocation=GeoLocation(lat=51.761394, lng=-1.211112), distanceFromLastShop=0.17854169651020657) time so far: 346821.4250035812
Shop(name=Peartree, postcode=OX2 8JZ, geoLocation=GeoLocation(lat=51.795601, lng=-1.283438), distanceFromLastShop=3.9004383904929627) time so far: 348489.4776104404
Shop(name=Witney, postcode=OX28 6AR, geoLocation=GeoLocation(lat=51.784817, lng=-1.483448), distanceFromLastShop=8.607545158076723) time so far: 350722.38302940957
Shop(name=Oxford Services, postcode=OX33 1LJ , geoLocation=GeoLocation(lat=51.738038, lng=-1.097191), distanceFromLastShop=16.883485934476102) time so far: 353948.40134154673
Shop(name=Thame, postcode=OX9 3ZD, geoLocation=GeoLocation(lat=51.749019, lng=-0.977681), distanceFromLastShop=5.185019709486401) time so far: 355770.60370668507
Shop(name=Aylesbury, postcode=HP20 1AL, geoLocation=GeoLocation(lat=51.814595, lng=-0.807729), distanceFromLastShop=8.582933083512549) time so far: 358000.5556767066
Shop(name=Leighton Buzzard, postcode=LU7 1DH, geoLocation=GeoLocation(lat=51.916754, lng=-0.663544), distanceFromLastShop=9.379339851269934) time so far: 360326.07645885897
Shop(name=Oakgrove, postcode=MK10 9SU, geoLocation=GeoLocation(lat=52.038648, lng=-0.714295), distanceFromLastShop=8.701644942166766) time so far: 362570.273851919
Shop(name=John Lewis Milton Keynes, postcode=MK9 3EP, geoLocation=GeoLocation(lat=52.044848, lng=-0.752437), distanceFromLastShop=1.6817306702914292) time so far: 363972.081532354
Shop(name=Newport Pagnell, postcode=MK16 9EZ, geoLocation=GeoLocation(lat=52.082172, lng=-0.709055), distanceFromLastShop=3.1744151140813375) time so far: 365553.0113460437
Shop(name=Ampthill, postcode=MK45 2LU, geoLocation=GeoLocation(lat=52.032506, lng=-0.493385), distanceFromLastShop=9.812336911416955) time so far: 367930.49177541374
Shop(name=Bedford, postcode=MK41 0GX, geoLocation=GeoLocation(lat=52.144362, lng=-0.420151), distanceFromLastShop=8.338962273596032) time so far: 370131.16724824527
Shop(name=St Neots, postcode=PE19 2BH, geoLocation=GeoLocation(lat=52.228551, lng=-0.27195), distanceFromLastShop=8.576066792703983) time so far: 372360.2952633698
Shop(name=St Ives, postcode=PE27 5BW, geoLocation=GeoLocation(lat=52.322643, lng=-0.068892), distanceFromLastShop=10.793159686351691) time so far: 374855.474425732
Shop(name=John Lewis Cambridge, postcode=CB2 3DS, geoLocation=GeoLocation(lat=52.203626, lng=0.122693), distanceFromLastShop=11.566235292658153) time so far: 377443.422660851
Shop(name=Fitzroy Street, postcode=CB1 1EW, geoLocation=GeoLocation(lat=52.206608, lng=0.130594), distanceFromLastShop=0.3938989683381621) time so far: 378690.69053705153
Shop(name=Cambridge, postcode=CB2 9LT, geoLocation=GeoLocation(lat=52.169486, lng=0.111739), distanceFromLastShop=2.6888024503679087) time so far: 380213.3468310957
Shop(name=Saffron Walden, postcode=CB10 1DT, geoLocation=GeoLocation(lat=52.022721, lng=0.241993), distanceFromLastShop=11.564267440929818) time so far: 434587.7120929116
Shop(name=Birchanger Services, postcode=CM23 5QZ, geoLocation=GeoLocation(lat=51.871647, lng=0.194809), distanceFromLastShop=10.637698732825314) time so far: 437064.23594085063
Shop(name=Bishops Stortford, postcode=CM23 2BA, geoLocation=GeoLocation(lat=51.872978, lng=0.159865), distanceFromLastShop=1.4982904120383216) time so far: 438444.0307902952
Shop(name=Broxbourne, postcode=EN10 6PY, geoLocation=GeoLocation(lat=51.738505, lng=-0.02222), distanceFromLastShop=12.138187182217287) time so far: 441100.6132521613
Shop(name=Enfield, postcode=EN2 6SN, geoLocation=GeoLocation(lat=51.651256, lng=-0.083494), distanceFromLastShop=6.581407711475272) time so far: 443090.3821775383
Shop(name=Enfield Chase, postcode=EN2 7AS, geoLocation=GeoLocation(lat=51.653416, lng=-0.092482), distanceFromLastShop=0.4143673124552858) time so far: 444340.10625503294
Shop(name=Winchmore Hill, postcode=N21 2QP, geoLocation=GeoLocation(lat=51.635326, lng=-0.093169), distanceFromLastShop=1.2509884318682551) time so far: 445690.22486685717
Shop(name=Whetstone, postcode=N20 9HX, geoLocation=GeoLocation(lat=51.631259, lng=-0.175629), distanceFromLastShop=3.558756433119065) time so far: 447317.27563883143
Shop(name=Barnet, postcode=EN5 5XY, geoLocation=GeoLocation(lat=51.655374, lng=-0.203261), distanceFromLastShop=2.0474571486307873) time so far: 448762.97049666714
Shop(name=Mimms Services, postcode=EN6 3QQ, geoLocation=GeoLocation(lat=51.687531, lng=-0.221891), distanceFromLastShop=2.363003642459465) time so far: 450246.53093376226
Shop(name=London Gateway, postcode=NW7 3HB, geoLocation=GeoLocation(lat=51.624869, lng=-0.259362), distanceFromLastShop=4.62204898742491) time so far: 452001.17681225325
Shop(name=John Lewis Watford, postcode=WD17 2TW, geoLocation=GeoLocation(lat=51.654612, lng=-0.392278), distanceFromLastShop=6.076076889285316) time so far: 453930.3060389675
Shop(name=Little Waitrose at John Lewis Watford, postcode=WD17 2TW, geoLocation=GeoLocation(lat=51.654612, lng=-0.392278), distanceFromLastShop=0.0) time so far: 455130.3060389675
Shop(name=Sceptre (Watford), postcode=WD24 7RU, geoLocation=GeoLocation(lat=51.680977, lng=-0.394888), distanceFromLastShop=1.8261832298444363) time so far: 456549.44802654884
Shop(name=Rickmansworth, postcode=WD3 1FX, geoLocation=GeoLocation(lat=51.640703, lng=-0.472249), distanceFromLastShop=4.337781315747641) time so far: 458269.98178443854
Shop(name=Amersham, postcode=HP6 5DR, geoLocation=GeoLocation(lat=51.67757, lng=-0.606307), distanceFromLastShop=6.3025847297502855) time so far: 460226.29195200856
Shop(name=Chesham, postcode=HP5 1DR, geoLocation=GeoLocation(lat=51.707002, lng=-0.611018), distanceFromLastShop=2.0448204464223347) time so far: 461671.67040557927
Shop(name=Berkhamsted, postcode=HP4 1HS, geoLocation=GeoLocation(lat=51.761858, lng=-0.566618), distanceFromLastShop=4.244479207135108) time so far: 463381.0079104355
Shop(name=St Albans, postcode=AL3 4JZ, geoLocation=GeoLocation(lat=51.746431, lng=-0.360512), distanceFromLastShop=8.907681506897182) time so far: 465649.9296912631
Shop(name=Harpenden, postcode=AL5 2TJ, geoLocation=GeoLocation(lat=51.815685, lng=-0.357144), distanceFromLastShop=4.790116333973177) time so far: 467424.7436513399
Shop(name=John Lewis Welwyn, postcode=AL8 6TP, geoLocation=GeoLocation(lat=51.803239, lng=-0.206928), distanceFromLastShop=6.494845879007229) time so far: 520379.38150548085
Shop(name=Welwyn Garden City, postcode=AL8 6AB, geoLocation=GeoLocation(lat=51.803595, lng=-0.204346), distanceFromLastShop=0.11337180053873784) time so far: 521592.9861215455
Shop(name=Stevenage, postcode=SG1 3EH, geoLocation=GeoLocation(lat=51.911158, lng=-0.20852), distanceFromLastShop=7.438709729839195) time so far: 523685.63128912624
Shop(name=Hitchin, postcode=SG5 1HF, geoLocation=GeoLocation(lat=51.950465, lng=-0.283031), distanceFromLastShop=4.186548632813579) time so far: 525388.0171250638
Shop(name=Buckhurst Hill, postcode=IG9 5EP, geoLocation=GeoLocation(lat=51.625447, lng=0.044986), distanceFromLastShop=26.508769674924427) time so far: 529769.0694860548
Shop(name=South Woodford, postcode=E18 2NA, geoLocation=GeoLocation(lat=51.595316, lng=0.022465), distanceFromLastShop=2.297591043895152) time so far: 531244.7804113223
Shop(name=John Lewis Stratford, postcode=E20 1EL, geoLocation=GeoLocation(lat=51.54373, lng=-0.00672), distanceFromLastShop=3.781479814737442) time so far: 532898.5579890907
Shop(name=Stratford City, postcode=E20 1EH, geoLocation=GeoLocation(lat=51.543594, lng=-0.006639), distanceFromLastShop=0.010029525027142352) time so far: 534099.761532094
Shop(name=Canary Wharf, postcode=E14 5EW, geoLocation=GeoLocation(lat=51.504577, lng=-0.016226), distanceFromLastShop=2.728859361046829) time so far: 535627.2246554196
Shop(name=Greenwich, postcode=SE10 9DD, geoLocation=GeoLocation(lat=51.48217, lng=-0.014331), distanceFromLastShop=1.5512091922050748) time so far: 537013.3697584842
Shop(name=Bromley, postcode=BR1 5AJ, geoLocation=GeoLocation(lat=51.421089, lng=0.021064), distanceFromLastShop=4.4909008297712365) time so far: 538752.2778580567
Shop(name=Bromley South, postcode=BR2 9HD, geoLocation=GeoLocation(lat=51.398999, lng=0.018149), distanceFromLastShop=1.532306518093671) time so far: 540136.154640228
Shop(name=Beckenham, postcode=BR3 1SD, geoLocation=GeoLocation(lat=51.412377, lng=-0.023902), distanceFromLastShop=2.039877538788527) time so far: 541580.9399448826
Shop(name=Croydon, postcode=CR0 1LG, geoLocation=GeoLocation(lat=51.374536, lng=-0.096194), distanceFromLastShop=4.0766150781664745) time so far: 543270.1337542626
Shop(name=John Lewis at home Croydon, postcode=CR0 4XJ, geoLocation=GeoLocation(lat=51.372081, lng=-0.118968), distanceFromLastShop=0.999893450727981) time so far: 544590.12096835
Shop(name=Sanderstead, postcode=CR2 9LE, geoLocation=GeoLocation(lat=51.332354, lng=-0.075478), distanceFromLastShop=3.3296598733033593) time so far: 546189.6801531463
Shop(name=Coulsdon, postcode=CR5 2NB, geoLocation=GeoLocation(lat=51.322289, lng=-0.136553), distanceFromLastShop=2.7352182796161384) time so far: 547717.9063467003
Shop(name=Coulsdon DFC, postcode=CR5 2HR, geoLocation=GeoLocation(lat=51.317101, lng=-0.133792), distanceFromLastShop=0.3780656667553703) time so far: 548963.2742267109
Shop(name=Banstead, postcode=SM7 2NB, geoLocation=GeoLocation(lat=51.322955, lng=-0.198596), distanceFromLastShop=2.8362112420205627) time so far: 550503.6195757533
Shop(name=Cheam, postcode=SM3 8BD, geoLocation=GeoLocation(lat=51.358936, lng=-0.216378), distanceFromLastShop=2.603826890690676) time so far: 552016.0788026362
Shop(name=Worcester Park, postcode=KT4 8DX, geoLocation=GeoLocation(lat=51.378196, lng=-0.24356), distanceFromLastShop=1.7766022658218457) time so far: 553429.2710745349
Shop(name=New Malden, postcode=KT3 4HE, geoLocation=GeoLocation(lat=51.402339, lng=-0.256083), distanceFromLastShop=1.754725592216905) time so far: 554839.8381456009
Shop(name=Raynes Park, postcode=SW20 0BS, geoLocation=GeoLocation(lat=51.408987, lng=-0.234012), distanceFromLastShop=1.0591961671429329) time so far: 606127.1035400572
Shop(name=Wimbledon Hill, postcode=SW19 7NS, geoLocation=GeoLocation(lat=51.421003, lng=-0.20752), distanceFromLastShop=1.4147622433635663) time so far: 607496.8750092607
Shop(name=Wimbledon, postcode=SW19 7JY, geoLocation=GeoLocation(lat=51.42478, lng=-0.202204), distanceFromLastShop=0.3478075462847928) time so far: 608738.6119148149
Shop(name=ROEHAMPTON, postcode=SW15 4LB, geoLocation=GeoLocation(lat=51.449446, lng=-0.238889), distanceFromLastShop=2.328132268550751) time so far: 610217.987787041
Shop(name=Balham, postcode=SW12 9BN, geoLocation=GeoLocation(lat=51.444994, lng=-0.151792), distanceFromLastShop=3.775006404664219) time so far: 611870.9885556008
Shop(name=Kings Road, postcode=SW3 5XP, geoLocation=GeoLocation(lat=51.488424, lng=-0.16699), distanceFromLastShop=3.0732934748249545) time so far: 613439.7837725797
Shop(name=Peter Jones, postcode=SW1W 8EL, geoLocation=GeoLocation(lat=51.492246, lng=-0.159), distanceFromLastShop=0.4344208877598921) time so far: 614691.914279111
Shop(name=Belgravia, postcode=SW1X 8GG, geoLocation=GeoLocation(lat=51.498997, lng=-0.1571), distanceFromLastShop=0.4738607890028837) time so far: 615948.7775737913
Shop(name=Knightsbridge, postcode=SW3 1JJ, geoLocation=GeoLocation(lat=51.499359, lng=-0.16475), distanceFromLastShop=0.3310388506445801) time so far: 617188.5022358686
Shop(name=Old Brompton Road, postcode=SW7 3RD, geoLocation=GeoLocation(lat=51.491976, lng=-0.179164), distanceFromLastShop=0.8046108100669992) time so far: 618485.0555330766
Shop(name=Gloucester Road, postcode=SW7 4SF, geoLocation=GeoLocation(lat=51.494519, lng=-0.183082), distanceFromLastShop=0.24391653474769293) time so far: 619714.3255172464
Shop(name=Kingston, postcode=KT1 1TG, geoLocation=GeoLocation(lat=51.411811, lng=-0.304637), distanceFromLastShop=7.76262551828096) time so far: 621845.8405794401
Shop(name=John Lewis Kingston, postcode=KT1 1TE, geoLocation=GeoLocation(lat=51.411564, lng=-0.306875), distanceFromLastShop=0.09824797116065272) time so far: 623057.6303359794
Shop(name=Surbiton, postcode=KT6 4QR, geoLocation=GeoLocation(lat=51.393717, lng=-0.304573), distanceFromLastShop=1.237797415070645) time so far: 624406.1660257878
Shop(name=Esher, postcode=KT10 9QE, geoLocation=GeoLocation(lat=51.36812, lng=-0.366962), distanceFromLastShop=3.2273669922490718) time so far: 625993.4500648577
Shop(name=Hersham, postcode=KT12 4HL, geoLocation=GeoLocation(lat=51.365218, lng=-0.3991), distanceFromLastShop=1.405142442102448) time so far: 627362.0671579101
Shop(name=Cobham, postcode=KT11 1AF, geoLocation=GeoLocation(lat=51.330107, lng=-0.413945), distanceFromLastShop=2.510890902475033) time so far: 628863.3740662071
Shop(name=Weybridge, postcode=KT13 8BL, geoLocation=GeoLocation(lat=51.373618, lng=-0.456875), distanceFromLastShop=3.5357147680632757) time so far: 630487.6598383746
Shop(name=Addlestone, postcode=KT15 2GL, geoLocation=GeoLocation(lat=51.370886, lng=-0.491506), distanceFromLastShop=1.5103031112079075) time so far: 631868.8962117196
Shop(name=West Byfleet, postcode=KT14 6NE, geoLocation=GeoLocation(lat=51.33871, lng=-0.506062), distanceFromLastShop=2.3118676920376053) time so far: 633346.3203347641
Shop(name=Goldsworth Park, postcode=GU21 3LG, geoLocation=GeoLocation(lat=51.318796, lng=-0.590697), distanceFromLastShop=3.915530108793496) time so far: 635016.1839478193
Shop(name=Burnt Common, postcode=GU23 7JY, geoLocation=GeoLocation(lat=51.282099, lng=-0.512846), distanceFromLastShop=4.221164793394931) time so far: 636722.7237230267
Shop(name=Guildford Worplesdon Road, postcode=GU2 9UY, geoLocation=GeoLocation(lat=51.256982, lng=-0.594269), distanceFromLastShop=3.9347906977882854) time so far: 638394.8986067614
Shop(name=Guildford, postcode=GU1 4AT, geoLocation=GeoLocation(lat=51.238307, lng=-0.573916), distanceFromLastShop=1.5641070780959474) time so far: 639782.5914561328
Shop(name=Godalming, postcode=GU7 1HY, geoLocation=GeoLocation(lat=51.186416, lng=-0.60946), distanceFromLastShop=3.9050808541119197) time so far: 641451.2011586262
Shop(name=Haslemere, postcode=GU27 2AB, geoLocation=GeoLocation(lat=51.089048, lng=-0.710321), distanceFromLastShop=8.034011973601066) time so far: 693364.0814368321
Shop(name=Petersfield, postcode=GU32 3JA, geoLocation=GeoLocation(lat=51.004364, lng=-0.936701), distanceFromLastShop=11.47073719250472) time so far: 695940.5698999327
Shop(name=Waterlooville, postcode=PO7 7HS, geoLocation=GeoLocation(lat=50.879355, lng=-1.030421), distanceFromLastShop=9.561716147038506) time so far: 698287.9758375774
Shop(name=Havant, postcode=PO9 1PR, geoLocation=GeoLocation(lat=50.851832, lng=-0.981213), distanceFromLastShop=2.872852422124664) time so far: 699832.7181282323
Shop(name=Southsea, postcode=PO5 2EJ, geoLocation=GeoLocation(lat=50.785882, lng=-1.087027), distanceFromLastShop=6.5000810520644645) time so far: 701812.72785448
Shop(name=Knight and Lee, postcode=PO5 3QE, geoLocation=GeoLocation(lat=50.785092, lng=-1.088277), distanceFromLastShop=0.07734534855438047) time so far: 703022.0092963065
Shop(name=Gosport, postcode=PO12 1SD, geoLocation=GeoLocation(lat=50.792626, lng=-1.135492), distanceFromLastShop=2.1333420149192537) time so far: 704478.0103380969
Shop(name=East Cowes, postcode=PO32 6SP, geoLocation=GeoLocation(lat=50.758164, lng=-1.288424), distanceFromLastShop=7.11359739382727) time so far: 706531.6420253561
Shop(name=Locks Heath, postcode=SO31 6DX, geoLocation=GeoLocation(lat=50.863576, lng=-1.27498), distanceFromLastShop=7.310290842766968) time so far: 708608.8769264881
Shop(name=Dibden, postcode=SO45 6AG, geoLocation=GeoLocation(lat=50.870132, lng=-1.398446), distanceFromLastShop=5.4198320213885784) time so far: 710459.2567690548
Shop(name=John Lewis Southampton, postcode=SO15 1QA, geoLocation=GeoLocation(lat=50.904423, lng=-1.40776), distanceFromLastShop=2.405105872910742) time so far: 711947.869473804
Shop(name=Little Waitrose John Lewis Southampton, postcode=SO15 1QA, geoLocation=GeoLocation(lat=50.904423, lng=-1.40776), distanceFromLastShop=0.0) time so far: 713147.869473804
Shop(name=Southampton New, postcode=SO17 2FX, geoLocation=GeoLocation(lat=50.923808, lng=-1.395022), distanceFromLastShop=1.451017562470767) time so far: 714521.9915813005
Shop(name=Chandlers Ford, postcode=SO53 2LG, geoLocation=GeoLocation(lat=50.986891, lng=-1.373075), distanceFromLastShop=4.46472222113432) time so far: 716257.7582478367
Shop(name=Romsey, postcode=SO51 8AS, geoLocation=GeoLocation(lat=50.989998, lng=-1.496818), distanceFromLastShop=5.403146741922389) time so far: 718106.1358568674
Shop(name=Winchester, postcode=SO22 6EL, geoLocation=GeoLocation(lat=51.074249, lng=-1.336797), distanceFromLastShop=9.086885826840849) time so far: 720396.5621560883
Shop(name=Andover, postcode=SP10 1LY, geoLocation=GeoLocation(lat=51.208503, lng=-1.481229), distanceFromLastShop=11.206283179470846) time so far: 722941.3161376248
Shop(name=Cookery School (Salisbury), postcode=SP2 7TS, geoLocation=GeoLocation(lat=51.07606, lng=-1.801853), distanceFromLastShop=16.679798440501234) time so far: 726142.891950485
Shop(name=Salisbury, postcode=SP2 7TS, geoLocation=GeoLocation(lat=51.07606, lng=-1.801853), distanceFromLastShop=0.0) time so far: 727342.891950485
Shop(name=Salisbury Petrol Station, postcode=SP2 7TS, geoLocation=GeoLocation(lat=51.07606, lng=-1.801853), distanceFromLastShop=0.0) time so far: 778800.0
Shop(name=Ringwood, postcode=BH24 1AT, geoLocation=GeoLocation(lat=50.847353, lng=-1.79327), distanceFromLastShop=15.814083049616366) time so far: 781897.6899659539
Shop(name=Christchurch, postcode=BH23 1QD, geoLocation=GeoLocation(lat=50.736503, lng=-1.779396), distanceFromLastShop=7.686487956375202) time so far: 784020.068520719
Shop(name=Winton, postcode=BH9 2AD, geoLocation=GeoLocation(lat=50.740705, lng=-1.879047), distanceFromLastShop=4.380686457363579) time so far: 785745.7508956026
Shop(name=John Lewis at home Poole, postcode=BH12 1DN, geoLocation=GeoLocation(lat=50.728924, lng=-1.920832), distanceFromLastShop=2.0057405440766614) time so far: 787186.4397608918
Shop(name=Parkstone, postcode=BH14 0AP, geoLocation=GeoLocation(lat=50.728747, lng=-1.939931), distanceFromLastShop=0.8380135821221941) time so far: 788487.0013907464
Shop(name=Wimborne, postcode=BH21 1AN, geoLocation=GeoLocation(lat=50.800216, lng=-1.98248), distanceFromLastShop=5.280635873972963) time so far: 790320.6776956232
Shop(name=Lymington New, postcode=SO41 9GF, geoLocation=GeoLocation(lat=50.757146, lng=-1.549581), distanceFromLastShop=19.204419997862153) time so far: 793825.2080953667
Shop(name=Chichester, postcode=PO19 1RD, geoLocation=GeoLocation(lat=50.832334, lng=-0.785585), distanceFromLastShop=33.87244606856063) time so far: 799089.901623594
Shop(name=John Lewis at home Chichester, postcode=PO19 7YH, geoLocation=GeoLocation(lat=50.841461, lng=-0.757297), distanceFromLastShop=1.3896790438872595) time so far: 800456.6631088605
Shop(name=Rustington, postcode=BN16 2NE, geoLocation=GeoLocation(lat=50.810181, lng=-0.504887), distanceFromLastShop=11.26055731303149) time so far: 803007.9299864243
Shop(name=Worthing, postcode=BN11 1LL, geoLocation=GeoLocation(lat=50.813757, lng=-0.367748), distanceFromLastShop=6.011084438214519) time so far: 804929.26011901
Shop(name=Storrington, postcode=RH20 4NQ, geoLocation=GeoLocation(lat=50.918173, lng=-0.451977), distanceFromLastShop=8.103825641691767) time so far: 807101.719196013
Shop(name=Horsham New, postcode=RH12 1LP, geoLocation=GeoLocation(lat=51.063106, lng=-0.335675), distanceFromLastShop=11.230313916159918) time so far: 809649.3568659521
Shop(name=John Lewis at home Horsham, postcode=RH12 1LP, geoLocation=GeoLocation(lat=51.063106, lng=-0.335675), distanceFromLastShop=0.0) time so far: 810849.3568659521
Shop(name=Horley, postcode=RH6 7PZ, geoLocation=GeoLocation(lat=51.171298, lng=-0.162757), distanceFromLastShop=10.608466700183564) time so far: 813322.3728699742
Shop(name=Horley - Brighton Road, postcode=RH6 7JU, geoLocation=GeoLocation(lat=51.180569, lng=-0.163675), distanceFromLastShop=0.6421327699498953) time so far: 814599.4288023682
Shop(name=Burgh Heath, postcode=KT20 6SU, geoLocation=GeoLocation(lat=51.271217, lng=-0.211888), distanceFromLastShop=6.606655853132447) time so far: 865992.7987023758
Shop(name=Epsom, postcode=KT18 5DB, geoLocation=GeoLocation(lat=51.332158, lng=-0.268622), distanceFromLastShop=4.877797920720646) time so far: 867778.1344528623
Shop(name=Leatherhead, postcode=KT22 8DW, geoLocation=GeoLocation(lat=51.294524, lng=-0.329242), distanceFromLastShop=3.6967823648685285) time so far: 869421.7483366466
Shop(name=Dorking, postcode=RH4 2HQ, geoLocation=GeoLocation(lat=51.231297, lng=-0.33371), distanceFromLastShop=4.375161776009279) time so far: 871146.7677497678
Shop(name=Caterham, postcode=CR3 6LB, geoLocation=GeoLocation(lat=51.281935, lng=-0.077885), distanceFromLastShop=11.636175501069552) time so far: 873743.108809896
Shop(name=Oxted, postcode=RH8 0QE, geoLocation=GeoLocation(lat=51.258378, lng=-0.004629), distanceFromLastShop=3.5698408573953366) time so far: 875371.4897127835
Shop(name=Biggin Hill, postcode=TN16 3BB, geoLocation=GeoLocation(lat=51.308348, lng=0.038489), distanceFromLastShop=3.9277572964473997) time so far: 877042.8205883572
Shop(name=Green Street Green, postcode=BR6 6BG, geoLocation=GeoLocation(lat=51.354366, lng=0.089996), distanceFromLastShop=3.88537132337603) time so far: 878709.0651471623
Shop(name=Petts Wood, postcode=BR5 1EA, geoLocation=GeoLocation(lat=51.386631, lng=0.075412), distanceFromLastShop=2.318064828694834) time so far: 880187.2329266057
Shop(name=Sidcup, postcode=DA14 6EN, geoLocation=GeoLocation(lat=51.42544, lng=0.104958), distanceFromLastShop=2.971538578608943) time so far: 881743.8175560387
Shop(name=JL Foodhall Bluewater, postcode=DA9 9SA, geoLocation=GeoLocation(lat=51.440441, lng=0.271536), distanceFromLastShop=7.2724439564023164) time so far: 883816.510830807
Shop(name=John Lewis Bluewater, postcode=DA9 9SA, geoLocation=GeoLocation(lat=51.440441, lng=0.271536), distanceFromLastShop=0.0) time so far: 885016.510830807
Shop(name=Longfield, postcode=DA3 7QA, geoLocation=GeoLocation(lat=51.396371, lng=0.300735), distanceFromLastShop=3.2977193791144495) time so far: 886612.2371563008
Shop(name=Kingshill, postcode=ME19 4QJ, geoLocation=GeoLocation(lat=51.272298, lng=0.40328), distanceFromLastShop=9.658607403639625) time so far: 888971.2700447375
Shop(name=Allington Park, postcode=ME16 0PX, geoLocation=GeoLocation(lat=51.286182, lng=0.497457), distanceFromLastShop=4.19448173217742) time so far: 890674.6078525988
Shop(name=Paddock Wood, postcode=TN12 6EX, geoLocation=GeoLocation(lat=51.179877, lng=0.393733), distanceFromLastShop=8.617976763109649) time so far: 892908.765064172
Shop(name=John Lewis at home Tunbridge Wells, postcode=TN2 3UP, geoLocation=GeoLocation(lat=51.159704, lng=0.29556), distanceFromLastShop=4.488673333453656) time so far: 894647.4058641865
Shop(name=Tonbridge, postcode=TN9 1RG, geoLocation=GeoLocation(lat=51.194257, lng=0.276223), distanceFromLastShop=2.5320843165741076) time so far: 896151.2559821754
Shop(name=Sevenoaks, postcode=TN13 1JR, geoLocation=GeoLocation(lat=51.269683, lng=0.193398), distanceFromLastShop=6.333183480722918) time so far: 898111.2379998621
Shop(name=Tubs Hill, postcode=TN13 1DH, geoLocation=GeoLocation(lat=51.276485, lng=0.183644), distanceFromLastShop=0.6324559904049872) time so far: 899387.1327187107
Shop(name=Edenbridge, postcode=TN8 5LN, geoLocation=GeoLocation(lat=51.195339, lng=0.064284), distanceFromLastShop=7.635364372120164) time so far: 952516.2437246544
Shop(name=East Grinstead, postcode=RH19 4YZ, geoLocation=GeoLocation(lat=51.123635, lng=-0.010925), distanceFromLastShop=5.937840952950701) time so far: 954428.7846390085
Shop(name=Crowborough, postcode=TN6 1DL, geoLocation=GeoLocation(lat=51.058455, lng=0.161938), distanceFromLastShop=8.771105959169567) time so far: 956681.3173541089
Shop(name=Uckfield, postcode=TN22 1PU, geoLocation=GeoLocation(lat=50.969323, lng=0.096163), distanceFromLastShop=6.79627989393315) time so far: 958696.8709413809
Shop(name=Heathfield, postcode=TN21 8DF, geoLocation=GeoLocation(lat=50.968052, lng=0.253409), distanceFromLastShop=6.864077769080887) time so far: 960720.5602736706
Shop(name=Hailsham, postcode=BN27 1BE, geoLocation=GeoLocation(lat=50.864077, lng=0.260073), distanceFromLastShop=7.193235855020176) time so far: 962783.748576273
Shop(name=Eastbourne, postcode=BN21 1HR, geoLocation=GeoLocation(lat=50.772774, lng=0.267739), distanceFromLastShop=6.320193777611696) time so far: 964742.1718295864
Shop(name=Lewes, postcode=BN7 2LP, geoLocation=GeoLocation(lat=50.874435, lng=0.014422), distanceFromLastShop=13.130051088523647) time so far: 967517.7779602092
Shop(name=Brighton, postcode=BN1 2LA, geoLocation=GeoLocation(lat=50.824953, lng=-0.151267), distanceFromLastShop=8.016801689339376) time so far: 969679.7941629299
Shop(name=Hove, postcode=BN3 7PZ, geoLocation=GeoLocation(lat=50.843695, lng=-0.176393), distanceFromLastShop=1.6994465230672682) time so far: 971083.727745698
Shop(name=Burgess Hill, postcode=RH15 9NP, geoLocation=GeoLocation(lat=50.955078, lng=-0.131244), distanceFromLastShop=7.948325316607404) time so far: 973237.5267836909
Shop(name=Haywards Heath, postcode=RH16 1DJ, geoLocation=GeoLocation(lat=51.005716, lng=-0.104735), distanceFromLastShop=3.6866116614350295) time so far: 974879.9201830631
Shop(name=Hawkhurst, postcode=TN18 4JB, geoLocation=GeoLocation(lat=51.046997, lng=0.51149), distanceFromLastShop=27.014897868847637) time so far: 979321.7079273248
Shop(name=Tenterden, postcode=TN30 6BW, geoLocation=GeoLocation(lat=51.068343, lng=0.688643), distanceFromLastShop=7.85743642700746) time so far: 981464.6002985657
Shop(name=Ashford, postcode=TN23 3RT, geoLocation=GeoLocation(lat=51.155224, lng=0.856462), distanceFromLastShop=9.455002549711052) time so far: 983799.200604531
Shop(name=John Lewis at home Ashford, postcode=TN25 4DT, geoLocation=GeoLocation(lat=51.158204, lng=0.860765), distanceFromLastShop=0.2782595558516429) time so far: 985032.5917512332
Shop(name=Hythe, postcode=CT21 5NH, geoLocation=GeoLocation(lat=51.071992, lng=1.088941), distanceFromLastShop=11.579530093980885) time so far: 1039389.5436112777
Shop(name=Canterbury, postcode=CT1 1UL, geoLocation=GeoLocation(lat=51.276294, lng=1.086042), distanceFromLastShop=14.123696949775459) time so far: 1042284.3872452507
Shop(name=Ramsgate, postcode=CT11 9EJ, geoLocation=GeoLocation(lat=51.332671, lng=1.416949), distanceFromLastShop=14.85932862079878) time so far: 1045267.5066797467
Shop(name=Southend, postcode=SS2 4DQ, geoLocation=GeoLocation(lat=51.555868, lng=0.724546), distanceFromLastShop=33.65758053302643) time so far: 1050506.4163437097
Shop(name=Southend Petrol Station, postcode=SS2 4DQ, geoLocation=GeoLocation(lat=51.555868, lng=0.724546), distanceFromLastShop=0.0) time so far: 1051706.4163437097
Shop(name=Leigh On Sea, postcode=SS9 3JA, geoLocation=GeoLocation(lat=51.548488, lng=0.654995), distanceFromLastShop=3.0406986151329756) time so far: 1053271.3001775257
Shop(name=Billericay, postcode=CM12 9BY, geoLocation=GeoLocation(lat=51.623979, lng=0.416548), distanceFromLastShop=11.519273015833837) time so far: 1055853.6129394257
Shop(name=John Lewis Chelmsford, postcode=CM1 1GD, geoLocation=GeoLocation(lat=51.734631, lng=0.475947), distanceFromLastShop=8.064625493318246) time so far: 1058021.367998624
Shop(name=Upminster, postcode=RM14 3BT, geoLocation=GeoLocation(lat=51.556179, lng=0.252052), distanceFromLastShop=15.650584287972926) time so far: 1061099.4381131807
Shop(name=Hampton, postcode=TW12 2HQ, geoLocation=GeoLocation(lat=51.415603, lng=-0.373641), distanceFromLastShop=28.70130270636798) time so far: 1065743.594437945
Shop(name=John Lewis Heathrow Terminal 2, postcode=TW6 1EW, geoLocation=GeoLocation(lat=51.469777, lng=-0.449579), distanceFromLastShop=4.978879768095276) time so far: 1067541.0600101163
Shop(name=Bracknell, postcode=RG12 1RQ, geoLocation=GeoLocation(lat=51.418293, lng=-0.752195), distanceFromLastShop=13.54921328873227) time so far: 1070366.9656047642
Shop(name=Horticulture Direct Services, postcode=RG12 8YA, geoLocation=GeoLocation(lat=51.411734, lng=-0.770445), distanceFromLastShop=0.9099459387606514) time so far: 1071676.1591174155
Shop(name=Waitrose Online Direct, postcode=RG12 8YA, geoLocation=GeoLocation(lat=51.411734, lng=-0.770445), distanceFromLastShop=0.0) time so far: 1072876.1591174155
Shop(name=Bagshot Road, postcode=RG12 9SE, geoLocation=GeoLocation(lat=51.405228, lng=-0.747918), distanceFromLastShop=1.072787145700059) time so far: 1124528.734457484
Shop(name=Wokingham, postcode=RG40 1BB, geoLocation=GeoLocation(lat=51.411668, lng=-0.833588), distanceFromLastShop=3.7305891519288905) time so far: 1126176.4051557155
Shop(name=Woodley, postcode=RG5 3JW, geoLocation=GeoLocation(lat=51.451809, lng=-0.905502), distanceFromLastShop=4.166289446255574) time so far: 1127876.359889266
Shop(name=Twyford, postcode=RG10 9EH, geoLocation=GeoLocation(lat=51.477873, lng=-0.866374), distanceFromLastShop=2.4701189361766507) time so far: 1129372.7741616073
Shop(name=Henley, postcode=RG9 2BA, geoLocation=GeoLocation(lat=51.538566, lng=-0.905023), distanceFromLastShop=4.515014851325188) time so far: 1131114.5759437664
Shop(name=Caversham, postcode=RG4 8AY, geoLocation=GeoLocation(lat=51.467252, lng=-0.973645), distanceFromLastShop=5.750836164524421) time so far: 1133004.6762835092
Shop(name=John Lewis Reading, postcode=RG1 2BB, geoLocation=GeoLocation(lat=51.455316, lng=-0.972085), distanceFromLastShop=0.8279065684532677) time so far: 1134304.0250717236
Shop(name=Reading, postcode=RG30 6WR, geoLocation=GeoLocation(lat=51.465726, lng=-1.019142), distanceFromLastShop=2.1558558823144316) time so far: 1135762.7277776015
Shop(name=Wallingford, postcode=OX10 0EF, geoLocation=GeoLocation(lat=51.600722, lng=-1.125362), distanceFromLastShop=10.39587449788645) time so far: 1138210.2327173478
Shop(name=Buckingham, postcode=MK18 1RS, geoLocation=GeoLocation(lat=52.000708, lng=-0.985353), distanceFromLastShop=28.297183413788176) time so far: 1142805.8947270024
Shop(name=Brackley, postcode=NN13 6BE, geoLocation=GeoLocation(lat=52.026807, lng=-1.150962), distanceFromLastShop=7.291927087143282) time so far: 1144880.9259774596
Shop(name=Banbury, postcode=OX16 2FW, geoLocation=GeoLocation(lat=52.065689, lng=-1.340086), distanceFromLastShop=8.49884114665219) time so far: 1147100.7869150578
Shop(name=Warwick Services, postcode=CV35 0AA, geoLocation=GeoLocation(lat=52.219853, lng=-1.515881), distanceFromLastShop=13.020540959866457) time so far: 1149863.2518302419
Shop(name=Stratford Upon Avon, postcode=CV37 8LU, geoLocation=GeoLocation(lat=52.179477, lng=-1.698599), distanceFromLastShop=8.24939258039124) time so far: 1152053.1789398887
Shop(name=Alcester, postcode=B49 5DA, geoLocation=GeoLocation(lat=52.216453, lng=-1.870244), distanceFromLastShop=7.72767642705903) time so far: 1154180.500111136
Shop(name=Evesham, postcode=WR11 4BD, geoLocation=GeoLocation(lat=52.092061, lng=-1.950348), distanceFromLastShop=9.250614345583552) time so far: 1156490.573832606
Shop(name=Worcester, postcode=WR5 2JG, geoLocation=GeoLocation(lat=52.182355, lng=-2.194486), distanceFromLastShop=12.118412353811808) time so far: 1159144.7833150632
Shop(name=Droitwich, postcode=WR9 8LB, geoLocation=GeoLocation(lat=52.268784, lng=-2.145602), distanceFromLastShop=6.326004797194076) time so far: 1211559.1205756634
Shop(name=Bromsgrove, postcode=B61 8RR, geoLocation=GeoLocation(lat=52.333078, lng=-2.064403), distanceFromLastShop=5.622108809261738) time so far: 1213433.7736327746
Shop(name=Hopwood Park Petrol Filling Station (ser, postcode=B48 7AU, geoLocation=GeoLocation(lat=52.363718, lng=-1.945766), distanceFromLastShop=5.45184862204979) time so far: 1215287.9954674207
Shop(name=Hopwood Services, postcode=B48 7AU, geoLocation=GeoLocation(lat=52.363718, lng=-1.945766), distanceFromLastShop=0.0) time so far: 1216487.9954674207
Shop(name=Hall Green, postcode=B28 9EF, geoLocation=GeoLocation(lat=52.428899, lng=-1.842187), distanceFromLastShop=6.285307058795664) time so far: 1218442.232314476
Shop(name=Solihull, postcode=B91 3QG, geoLocation=GeoLocation(lat=52.413806, lng=-1.784027), distanceFromLastShop=2.670901770971357) time so far: 1219962.7405269928
Shop(name=John Lewis Solihull, postcode=B91 3RA, geoLocation=GeoLocation(lat=52.413899, lng=-1.780718), distanceFromLastShop=0.14005221330324338) time so far: 1221179.5467925891
Shop(name=John Lewis Birmingham, postcode=B2 4AU, geoLocation=GeoLocation(lat=52.476917, lng=-1.899766), distanceFromLastShop=6.654659588018326) time so far: 1223178.1059431513
Shop(name=Harborne, postcode=B17 9PP, geoLocation=GeoLocation(lat=52.458591, lng=-1.94908), distanceFromLastShop=2.437670287536138) time so far: 1224670.6263776557
Shop(name=Stourbridge, postcode=DY8 1HJ, geoLocation=GeoLocation(lat=52.455954, lng=-2.146537), distanceFromLastShop=8.342270545675403) time so far: 1226871.6988431367
Shop(name=Wolverhampton, postcode=WV2 4NJ, geoLocation=GeoLocation(lat=52.574227, lng=-2.132816), distanceFromLastShop=8.198391940143742) time so far: 1229055.505875954
Shop(name=Wolverhampton Petrol Station, postcode=WV2 4NJ, geoLocation=GeoLocation(lat=52.574227, lng=-2.132816), distanceFromLastShop=0.0) time so far: 1230255.505875954
Shop(name=Four Oaks, postcode=B74 4AB, geoLocation=GeoLocation(lat=52.587639, lng=-1.831773), distanceFromLastShop=12.713801119707137) time so far: 1232981.1620103188
Shop(name=Lichfield, postcode=WS13 6RX, geoLocation=GeoLocation(lat=52.673624, lng=-1.842172), distanceFromLastShop=5.961588084528438) time so far: 1234896.5525804623
Shop(name=John Lewis at home Tamworth, postcode=B78 3HD, geoLocation=GeoLocation(lat=52.627129, lng=-1.705797), distanceFromLastShop=6.574690721338851) time so far: 1236885.5154670228
Shop(name=Corley Services, postcode=CV7 8NR, geoLocation=GeoLocation(lat=52.471822, lng=-1.546728), distanceFromLastShop=12.659921998777957) time so far: 1239604.7061068763
Shop(name=Kenilworth, postcode=CV8 1JP, geoLocation=GeoLocation(lat=52.34151, lng=-1.575817), distanceFromLastShop=9.093779029627473) time so far: 1241895.9595904315
Shop(name=Lutterworth, postcode=LE17 4NF, geoLocation=GeoLocation(lat=52.458761, lng=-1.199138), distanceFromLastShop=17.875083569790107) time so far: 1245240.9696188064
Shop(name=Blaby, postcode=LE8 4DJ, geoLocation=GeoLocation(lat=52.574867, lng=-1.163808), distanceFromLastShop=8.165250613087066) time so far: 1298179.8300735704
Shop(name=Leicester Forest East Services, postcode=LE3 3GB, geoLocation=GeoLocation(lat=52.619143, lng=-1.205624), distanceFromLastShop=3.531654502225489) time so far: 1299803.6286138375
Shop(name=John Lewis Leicester, postcode=LE1 4SA, geoLocation=GeoLocation(lat=52.636951, lng=-1.138531), distanceFromLastShop=3.079797147372123) time so far: 1301373.2042715221
Shop(name=Oadby, postcode=LE2 4LA, geoLocation=GeoLocation(lat=52.60021, lng=-1.081307), distanceFromLastShop=3.500506708492913) time so far: 1302993.2650765413
Shop(name=MOUNTSORREL, postcode=LE12 7TZ, geoLocation=GeoLocation(lat=52.735693, lng=-1.151878), distanceFromLastShop=9.826639029148929) time so far: 1305372.4617600392
Shop(name=John Lewis Nottingham, postcode=NG1 3QA, geoLocation=GeoLocation(lat=52.956, lng=-1.147709), distanceFromLastShop=15.234887141845695) time so far: 1308400.6482170606
Shop(name=Trinity Square, postcode=NG1 3EN, geoLocation=GeoLocation(lat=52.956249, lng=-1.148613), distanceFromLastShop=0.041491898327888126) time so far: 1309605.62724486
Shop(name=Wollaton, postcode=NG8 2DH, geoLocation=GeoLocation(lat=52.955965, lng=-1.229522), distanceFromLastShop=3.3787792803809085) time so far: 1311211.0807585057
Shop(name=Newark, postcode=NG24 1FF, geoLocation=GeoLocation(lat=53.079896, lng=-0.81216), distanceFromLastShop=19.399479020325604) time so far: 1314739.0182409447
Shop(name=Lincoln, postcode=LN2 4DS, geoLocation=GeoLocation(lat=53.251326, lng=-0.520806), distanceFromLastShop=16.945096763572085) time so far: 1317972.4298525734
Shop(name=Lincoln Petrol Station, postcode=LN2 4DS, geoLocation=GeoLocation(lat=53.251326, lng=-0.520806), distanceFromLastShop=0.0) time so far: 1319172.4298525734
Shop(name=Woodhall South, postcode=S26 7XR, geoLocation=GeoLocation(lat=53.315191, lng=-1.28137), distanceFromLastShop=31.828334420852467) time so far: 1324191.8299830758
Shop(name=Sheffield, postcode=S11 8HY, geoLocation=GeoLocation(lat=53.372999, lng=-1.477041), distanceFromLastShop=9.030825176930573) time so far: 1326475.5290043075
Shop(name=Sheffield Petrol Station, postcode=S11 8HY, geoLocation=GeoLocation(lat=53.372999, lng=-1.477041), distanceFromLastShop=0.0) time so far: 1327675.5290043075
Shop(name=John Lewis Sheffield, postcode=S1 4HP, geoLocation=GeoLocation(lat=53.379243, lng=-1.472154), distanceFromLastShop=0.476755115507928) time so far: 1328932.7396181684
Shop(name=Buxton, postcode=SK17 6DF, geoLocation=GeoLocation(lat=53.259595, lng=-1.911921), distanceFromLastShop=20.001757541052385) time so far: 1332532.9505230947
Shop(name=Poynton, postcode=SK12 1RD, geoLocation=GeoLocation(lat=53.34895, lng=-2.119714), distanceFromLastShop=10.595832126877397) time so far: 1384871.4998552252
Shop(name=Cheadle Hulme, postcode=SK8 7AE, geoLocation=GeoLocation(lat=53.37353, lng=-2.186789), distanceFromLastShop=3.2540347986145397) time so far: 1386461.984031059
Shop(name=John Lewis Cheadle, postcode=SK8 3BZ, geoLocation=GeoLocation(lat=53.375181, lng=-2.214799), distanceFromLastShop=1.1639811188974354) time so far: 1387801.6617653267
Shop(name=Wilmslow, postcode=SK9 1AY, geoLocation=GeoLocation(lat=53.328422, lng=-2.229443), distanceFromLastShop=3.289870500015351) time so far: 1389396.4462253286
Shop(name=Alderley Edge, postcode=SK9 7JX, geoLocation=GeoLocation(lat=53.302691, lng=-2.236853), distanceFromLastShop=1.8056664580205324) time so far: 1390813.126200291
Shop(name=Knutsford, postcode=WA16 6BU, geoLocation=GeoLocation(lat=53.30407, lng=-2.375307), distanceFromLastShop=5.736142534436796) time so far: 1392701.4633044235
Shop(name=Northwich, postcode=CW9 5HD, geoLocation=GeoLocation(lat=53.258811, lng=-2.515085), distanceFromLastShop=6.584565199918426) time so far: 1394691.6111284136
Shop(name=Sandbach, postcode=CW11 4BE, geoLocation=GeoLocation(lat=53.142604, lng=-2.363342), distanceFromLastShop=10.21170178267844) time so far: 1397117.015342335
Shop(name=Keele Services, postcode=ST5 5HG, geoLocation=GeoLocation(lat=52.992774, lng=-2.2909), distanceFromLastShop=10.791322992855923) time so far: 1399611.9741014778
Shop(name=Newport, postcode=TF10 7DS, geoLocation=GeoLocation(lat=52.765419, lng=-2.36744), distanceFromLastShop=16.044087609243224) time so far: 1402737.264614587
Shop(name=Shrewsbury, postcode=SY1 1DP, geoLocation=GeoLocation(lat=52.708699, lng=-2.752666), distanceFromLastShop=16.636906367642887) time so far: 1405933.6933787041
Shop(name=Chester, postcode=CH3 5AF, geoLocation=GeoLocation(lat=53.192461, lng=-2.879014), distanceFromLastShop=33.86561662262605) time so far: 1411197.5673734192
Shop(name=John Lewis at home Chester, postcode=CH1 4QG, geoLocation=GeoLocation(lat=53.196933, lng=-2.914358), distanceFromLastShop=1.5000367166324107) time so far: 1412577.571779415
Shop(name=John Lewis Liverpool, postcode=L1 8BJ, geoLocation=GeoLocation(lat=53.403799, lng=-2.987648), distanceFromLastShop=14.624210478422562) time so far: 1415532.4770368258
Shop(name=Formby, postcode=L37 4AJ, geoLocation=GeoLocation(lat=53.555466, lng=-3.058383), distanceFromLastShop=10.887013614226811) time so far: 1418038.918670533
Shop(name=Charnock Richard (Services), postcode=PR7 5LR, geoLocation=GeoLocation(lat=53.629996, lng=-2.692571), distanceFromLastShop=15.908930504176475) time so far: 1471909.0716605012
Shop(name=Walton-le-Dale, postcode=PR5 4AW, geoLocation=GeoLocation(lat=53.74881, lng=-2.679119), distanceFromLastShop=8.235506959736174) time so far: 1474097.3324956696
Shop(name=John Lewis Trafford, postcode=M17 8JL, geoLocation=GeoLocation(lat=53.463529, lng=-2.345293), distanceFromLastShop=24.036785922371124) time so far: 1478181.746806354
Shop(name=Altrincham, postcode=WA14 5ZL, geoLocation=GeoLocation(lat=53.405692, lng=-2.364468), distanceFromLastShop=4.077371101762209) time so far: 1479871.0313385655
Shop(name=Hartshead Moor (Services), postcode=HD6 4JX, geoLocation=GeoLocation(lat=53.714327, lng=-1.74646), distanceFromLastShop=33.21292801301364) time so far: 1485056.5827001273
Shop(name=John Lewis Leeds, postcode=LS2 7AR, geoLocation=GeoLocation(lat=53.798229, lng=-1.538422), distanceFromLastShop=10.313519635247589) time so far: 1487494.205056357
Shop(name=Meanwood, postcode=LS6 4RJ, geoLocation=GeoLocation(lat=53.828315, lng=-1.56782), distanceFromLastShop=2.4035912101324657) time so far: 1488982.6360015727
Shop(name=Otley, postcode=LS21 3AS, geoLocation=GeoLocation(lat=53.904926, lng=-1.696192), distanceFromLastShop=7.457178925753463) time so far: 1491077.4974726632
Shop(name=Harrogate, postcode=HG1 1HD, geoLocation=GeoLocation(lat=53.989854, lng=-1.536241), distanceFromLastShop=8.779856919494092) time so far: 1493331.0803030024
Shop(name=York, postcode=YO31 7UL, geoLocation=GeoLocation(lat=53.956725, lng=-1.069846), distanceFromLastShop=19.153861511172835) time so far: 1496829.543684343
Shop(name=John Lewis York, postcode=YO32 9GX, geoLocation=GeoLocation(lat=53.988583, lng=-1.045231), distanceFromLastShop=2.421167378293962) time so far: 1498320.0837697384
Shop(name=Willerby, postcode=HU10 6EB, geoLocation=GeoLocation(lat=53.764038, lng=-0.455239), distanceFromLastShop=28.67980333162316) time so far: 1502961.6601695332
Shop(name=Ashbourne, postcode=DE6 1GD, geoLocation=GeoLocation(lat=53.016451, lng=-1.730621), distanceFromLastShop=73.84003007530266) time so far: 1565260.8036090364
Shop(name=UTTOXETER, postcode=ST14 8FA, geoLocation=GeoLocation(lat=52.89701, lng=-1.861803), distanceFromLastShop=9.910848580360767) time so far: 1567650.1054386797
Shop(name=Market Harborough, postcode=LE16 8BD, geoLocation=GeoLocation(lat=52.475466, lng=-0.915974), distanceFromLastShop=49.285393958025075) time so far: 1574764.3527136426
Shop(name=Kingsthorpe, postcode=NN2 7BD, geoLocation=GeoLocation(lat=52.262586, lng=-0.901201), distanceFromLastShop=14.73240303213453) time so far: 1577732.2410774988
Shop(name=Wootton, postcode=NN4 6HP, geoLocation=GeoLocation(lat=52.210308, lng=-0.892305), distanceFromLastShop=3.6342411079754937) time so far: 1579368.3500104558
Shop(name=Towcester, postcode=NN12 6HZ, geoLocation=GeoLocation(lat=52.13021, lng=-0.989163), distanceFromLastShop=6.9010802000259295) time so far: 1581396.479634459
Shop(name=Daventry, postcode=NN11 4DR, geoLocation=GeoLocation(lat=52.257225, lng=-1.161736), distanceFromLastShop=11.440708874468575) time so far: 1583969.3646993951
Shop(name=Rushden, postcode=NN10 6AR, geoLocation=GeoLocation(lat=52.299379, lng=-0.619588), distanceFromLastShop=23.17617026284053) time so far: 1587950.505130936
Shop(name=Rushden Petrol Station, postcode=NN10 6AR, geoLocation=GeoLocation(lat=52.299379, lng=-0.619588), distanceFromLastShop=0.0) time so far: 1589150.505130936
Shop(name=Oundle, postcode=PE8 4NH, geoLocation=GeoLocation(lat=52.48414, lng=-0.465705), distanceFromLastShop=14.337773278159084) time so far: 1592071.037924315
Shop(name=Peterborough, postcode=PE1 2BF, geoLocation=GeoLocation(lat=52.575479, lng=-0.249935), distanceFromLastShop=11.075880065508242) time so far: 1644129.105607861
Shop(name=John Lewis Peterborough, postcode=PE1 1NL, geoLocation=GeoLocation(lat=52.574709, lng=-0.245287), distanceFromLastShop=0.20290962564397458) time so far: 1645353.4547629382
Shop(name=Stamford, postcode=PE9 2PR, geoLocation=GeoLocation(lat=52.651649, lng=-0.485526), distanceFromLastShop=11.425601992709293) time so far: 1647924.5270020633
Shop(name=Ely, postcode=CB7 4QJ, geoLocation=GeoLocation(lat=52.400894, lng=0.268705), distanceFromLastShop=36.22613119076356) time so far: 1653471.662744955
Shop(name=Newmarket, postcode=CB8 8NY, geoLocation=GeoLocation(lat=52.246868, lng=0.408142), distanceFromLastShop=12.178402751022983) time so far: 1656133.0710750779
Shop(name=Bury St Edmunds, postcode=IP33 3DH, geoLocation=GeoLocation(lat=52.243416, lng=0.707987), distanceFromLastShop=12.727995677775327) time so far: 1658860.430556411
Shop(name=Sudbury, postcode=CO10 2SS, geoLocation=GeoLocation(lat=52.036891, lng=0.731648), distanceFromLastShop=14.314603529545423) time so far: 1661778.1829799563
Shop(name=Colchester, postcode=CO4 3EQ, geoLocation=GeoLocation(lat=51.893701, lng=0.921191), distanceFromLastShop=12.788096103369668) time so far: 1664512.7545123606
Shop(name=Ipswich (Corn Exchange), postcode=IP1 1AS, geoLocation=GeoLocation(lat=52.057472, lng=1.152467), distanceFromLastShop=15.024031295289316) time so far: 1667515.6382677953
Shop(name=Ipswich, postcode=IP3 9SQ, geoLocation=GeoLocation(lat=52.034026, lng=1.201301), distanceFromLastShop=2.638530700094451) time so far: 1669032.2619518067
Shop(name=John Lewis at home Ipswich, postcode=IP3 9SQ, geoLocation=GeoLocation(lat=52.034026, lng=1.201301), distanceFromLastShop=0.0) time so far: 1670232.2619518067
Shop(name=Saxmundham, postcode=IP17 1EP, geoLocation=GeoLocation(lat=52.21333, lng=1.493146), distanceFromLastShop=17.54832137523934) time so far: 1673538.0605168354
Shop(name=Norwich, postcode=NR4 6NU, geoLocation=GeoLocation(lat=52.6079, lng=1.251195), distanceFromLastShop=29.13692831086387) time so far: 1678234.4919141391
Shop(name=John Lewis Norwich, postcode=NR1 3LX, geoLocation=GeoLocation(lat=52.625197, lng=1.295972), distanceFromLastShop=2.2319755479484584) time so far: 1729467.8370657538
Shop(name=Wymondham, postcode=NR18 0SH, geoLocation=GeoLocation(lat=52.575198, lng=1.123725), distanceFromLastShop=8.033794884501063) time so far: 1731631.892451894
Shop(name=Wymondham Petrol Station, postcode=NR18 0SH, geoLocation=GeoLocation(lat=52.575198, lng=1.123725), distanceFromLastShop=0.0) time so far: 1732831.892451894
Shop(name=Swaffham, postcode=PE37 7HT, geoLocation=GeoLocation(lat=52.655715, lng=0.683974), distanceFromLastShop=19.326984757168265) time so far: 1736351.130622754
Shop(name=Swaffham Petrol Station, postcode=PE37 7HT, geoLocation=GeoLocation(lat=52.655715, lng=0.683974), distanceFromLastShop=0.0) time so far: 1737551.130622754
Shop(name=North Walsham, postcode=NR28 0NB, geoLocation=GeoLocation(lat=52.827186, lng=1.368243), distanceFromLastShop=31.067406112017053) time so far: 1742479.2193561962
Shop(name=John Lewis Cheltenham, postcode=GL50 1DQ, geoLocation=GeoLocation(lat=51.89994, lng=-2.072513), distanceFromLastShop=159.10616434309333) time so far: 1762771.9590773673
Shop(name=Cheltenham, postcode=GL50 3QW, geoLocation=GeoLocation(lat=51.901938, lng=-2.083824), distanceFromLastShop=0.5030935550946434) time so far: 1764032.3303039786
Shop(name=Cheltenham Petrol Station, postcode=GL50 3QW, geoLocation=GeoLocation(lat=51.901938, lng=-2.083824), distanceFromLastShop=0.0) time so far: 1815600.0
Shop(name=Stroud, postcode=GL5 2AP, geoLocation=GeoLocation(lat=51.741374, lng=-2.212701), distanceFromLastShop=12.398231836201761) time so far: 1818287.7878203443
Shop(name=Michaelwood Services, postcode=GL11 6DD, geoLocation=GeoLocation(lat=51.666641, lng=-2.420144), distanceFromLastShop=10.300344142287413) time so far: 1820723.8291174187
Shop(name=Chipping Sodbury, postcode=BS37 6AU, geoLocation=GeoLocation(lat=51.540449, lng=-2.396312), distanceFromLastShop=8.784255751386684) time so far: 1822977.9398075852
Shop(name=John Lewis Cribbs Causeway, postcode=BS34 5QU, geoLocation=GeoLocation(lat=51.526226, lng=-2.597706), distanceFromLastShop=8.738987035191764) time so far: 1825226.6182518082
Shop(name=Westbury Park, postcode=BS9 4HN, geoLocation=GeoLocation(lat=51.480589, lng=-2.612402), distanceFromLastShop=3.218088745058684) time so far: 1826812.7889012152
Shop(name=Clifton, postcode=BS8 1QS, geoLocation=GeoLocation(lat=51.457131, lng=-2.608449), distanceFromLastShop=1.6306607911933662) time so far: 1828208.4681961583
Shop(name=Gordano Services, postcode=BS20 7XG, geoLocation=GeoLocation(lat=51.477507, lng=-2.707929), distanceFromLastShop=4.520550207768033) time so far: 1829950.9342210905
Shop(name=Portishead, postcode=BS20 7DE, geoLocation=GeoLocation(lat=51.485968, lng=-2.763612), distanceFromLastShop=2.4737441578385617) time so far: 1831447.7835200313
Shop(name=Portishead Petrol Station, postcode=BS20 7DE, geoLocation=GeoLocation(lat=51.485968, lng=-2.763612), distanceFromLastShop=0.0) time so far: 1832647.7835200313
Shop(name=Nailsea, postcode=BS48 1AP, geoLocation=GeoLocation(lat=51.433521, lng=-2.758015), distanceFromLastShop=3.6338197276902435) time so far: 1834283.841887354
Shop(name=Weston Super Mare, postcode=BS23 3UZ, geoLocation=GeoLocation(lat=51.341378, lng=-2.958139), distanceFromLastShop=10.747448274166304) time so far: 1836773.535680254
Shop(name=Barry, postcode=CF63 2PE, geoLocation=GeoLocation(lat=51.414386, lng=-3.239174), distanceFromLastShop=13.164528129680866) time so far: 1839553.2790558157
Shop(name=John Lewis Cardiff, postcode=CF10 1EG, geoLocation=GeoLocation(lat=51.477903, lng=-3.173921), distanceFromLastShop=5.217992671455157) time so far: 1841379.4381763902
Shop(name=Pontprennau, postcode=CF23 8AN, geoLocation=GeoLocation(lat=51.530294, lng=-3.137916), distanceFromLastShop=3.9409992006241716) time so far: 1843052.358080465
Shop(name=Cardiff Gate Services, postcode=CF23 8RP, geoLocation=GeoLocation(lat=51.538673, lng=-3.130627), distanceFromLastShop=0.6590257853359344) time so far: 1844331.4411747055
Shop(name=Cowbridge, postcode=CF71 7FB, geoLocation=GeoLocation(lat=51.461382, lng=-3.448324), distanceFromLastShop=14.712692293601659) time so far: 1847296.9642499376
Shop(name=Abergavenny, postcode=NP7 9LL, geoLocation=GeoLocation(lat=51.818294, lng=-3.028245), distanceFromLastShop=30.58388366322647) time so far: 1905670.0660395871
Shop(name=Abergavenny Petrol Station, postcode=NP7 9LL, geoLocation=GeoLocation(lat=51.818294, lng=-3.028245), distanceFromLastShop=0.0) time so far: 1906870.0660395871
Shop(name=Monmouth, postcode=NP25 3EQ, geoLocation=GeoLocation(lat=51.809944, lng=-2.718624), distanceFromLastShop=13.280165877210022) time so far: 1909663.6859448524
Shop(name=Caldicot, postcode=NP26 4BR, geoLocation=GeoLocation(lat=51.589495, lng=-2.754474), distanceFromLastShop=15.318347290489957) time so far: 1912701.8876197112
Shop(name=Keynsham, postcode=BS31 1ST, geoLocation=GeoLocation(lat=51.420935, lng=-2.481869), distanceFromLastShop=16.55645011602819) time so far: 1915888.6616336345
Shop(name=Bath, postcode=BA1 5AL, geoLocation=GeoLocation(lat=51.383386, lng=-2.358584), distanceFromLastShop=5.929346468563046) time so far: 1917800.183209862
Shop(name=Melksham, postcode=SN12 6LP, geoLocation=GeoLocation(lat=51.375545, lng=-2.138789), distanceFromLastShop=9.52424200789921) time so far: 1920143.09225081
Shop(name=Chippenham, postcode=SN15 3WL, geoLocation=GeoLocation(lat=51.458394, lng=-2.116938), distanceFromLastShop=5.80484657745087) time so far: 1922039.6738401041
Shop(name=Malmesbury, postcode=SN16 9FS, geoLocation=GeoLocation(lat=51.58096, lng=-2.09269), distanceFromLastShop=8.537628079746995) time so far: 1924264.1892096738
Shop(name=Cirencester, postcode=GL7 1SZ, geoLocation=GeoLocation(lat=51.713416, lng=-1.971251), distanceFromLastShop=10.542062549113774) time so far: 1926729.2367155675
Shop(name=Great Malvern, postcode=WR14 4WR, geoLocation=GeoLocation(lat=52.112595, lng=-2.328429), distanceFromLastShop=31.541865464223548) time so far: 1931714.2605712742
Shop(name=Hereford, postcode=HR4 9HT, geoLocation=GeoLocation(lat=52.058733, lng=-2.718586), distanceFromLastShop=17.030140051218506) time so far: 1934957.8773774204
Shop(name=Wells, postcode=BA5 2PJ, geoLocation=GeoLocation(lat=51.209474, lng=-2.650273), distanceFromLastShop=58.78631887158659) time so far: 1995454.3582645904
Shop(name=Sherborne, postcode=DT9 3PU, geoLocation=GeoLocation(lat=50.949349, lng=-2.516449), distanceFromLastShop=18.902449908453708) time so far: 1998922.6522536047
Shop(name=Gillingham, postcode=SP8 4UA, geoLocation=GeoLocation(lat=51.035823, lng=-2.275914), distanceFromLastShop=12.07669943495021) time so far: 2001571.8561857988
Shop(name=Warminster, postcode=BA12 9BR, geoLocation=GeoLocation(lat=51.205281, lng=-2.177745), distanceFromLastShop=12.468586598094031) time so far: 2004268.08657757
Shop(name=Crewkerne, postcode=TA18 8DA, geoLocation=GeoLocation(lat=50.882896, lng=-2.79436), distanceFromLastShop=34.90930740338645) time so far: 2009657.2034659765
Shop(name=Bridport, postcode=DT6 3QP, geoLocation=GeoLocation(lat=50.733657, lng=-2.759893), distanceFromLastShop=10.425919296739394) time so far: 2012108.3137815853
Shop(name=Poundbury, postcode=DT1 3BW, geoLocation=GeoLocation(lat=50.715299, lng=-2.46693), distanceFromLastShop=12.91673883274659) time so far: 2014858.3224415148
Shop(name=Dorchester, postcode=DT1 1BN, geoLocation=GeoLocation(lat=50.714339, lng=-2.436197), distanceFromLastShop=1.3503727045604725) time so far: 2016220.3671660621
Shop(name=Sidmouth, postcode=EX10 9GA, geoLocation=GeoLocation(lat=50.700078, lng=-3.244277), distanceFromLastShop=35.48247222263624) time so far: 2021678.2638327784
Shop(name=Exeter, postcode=EX1 2ED, geoLocation=GeoLocation(lat=50.724387, lng=-3.514024), distanceFromLastShop=11.957351059296474) time so far: 2024313.145959894
Shop(name=John Lewis Exeter, postcode=EX4 6NN, geoLocation=GeoLocation(lat=50.726374, lng=-3.525637), distanceFromLastShop=0.5277179419434647) time so far: 2074863.3261530332
Shop(name=Teignmouth, postcode=TQ14 8HR, geoLocation=GeoLocation(lat=50.546827, lng=-3.49516), distanceFromLastShop=12.482806612538903) time so far: 2077561.262946538
Shop(name=Torquay, postcode=TQ1 3HL, geoLocation=GeoLocation(lat=50.476812, lng=-3.528001), distanceFromLastShop=5.051323924118251) time so far: 2079367.4218174322
Shop(name=Okehampton, postcode=EX20 1WL, geoLocation=GeoLocation(lat=50.740446, lng=-4.004084), distanceFromLastShop=27.7591518959152) time so far: 2083898.520044942
Shop(name=Holsworthy, postcode=EX22 6BL, geoLocation=GeoLocation(lat=50.807192, lng=-4.353758), distanceFromLastShop=16.005805525635314) time so far: 2087019.2167080182
Shop(name=Saltash, postcode=PL12 6LD, geoLocation=GeoLocation(lat=50.421424, lng=-4.23376), distanceFromLastShop=27.182296117454626) time so far: 2091481.0922421126
Shop(name=Truro, postcode=TR1 1RH, geoLocation=GeoLocation(lat=50.272557, lng=-5.036674), distanceFromLastShop=36.971983573429114) time so far: 2097117.7302709243
Shop(name=Wellington, postcode=TA21 8RD, geoLocation=GeoLocation(lat=50.979792, lng=-3.225686), distanceFromLastShop=93.43133403430485) time so far: 2109529.490355041
Shop(name=Menai Bridge, postcode=LL59 5EA, geoLocation=GeoLocation(lat=53.223915, lng=-4.166358), distanceFromLastShop=160.24007133957107) time so far: 2180428.8085607486
Shop(name=Gretna Green (Services), postcode=DG16 5HQ, geoLocation=GeoLocation(lat=55.010746, lng=-3.084017), distanceFromLastShop=131.17062833952744) time so far: 2263340.475400743
Shop(name=Hexham, postcode=NE46 3PJ, geoLocation=GeoLocation(lat=54.972753, lng=-2.098948), distanceFromLastShop=39.26624479338869) time so far: 2269252.42477595
Shop(name=Ponteland, postcode=NE20 9NH, geoLocation=GeoLocation(lat=55.049668, lng=-1.742564), distanceFromLastShop=15.133453708010018) time so far: 2272268.4392209114
Shop(name=Jesmond, postcode=NE2 2AN, geoLocation=GeoLocation(lat=54.99166, lng=-1.604258), distanceFromLastShop=6.805582793315112) time so far: 2274285.109156109
Shop(name=Eldon Square, postcode=NE1 7JD, geoLocation=GeoLocation(lat=54.975017, lng=-1.61528), distanceFromLastShop=1.2319195173772128) time so far: 2275632.939498194
Shop(name=John Lewis Newcastle, postcode=NE99 1AB, geoLocation=GeoLocation(lat=54.96746, lng=-1.615383), distanceFromLastShop=0.5227570137839814) time so far: 2276895.6703398484
Shop(name=Morningside, postcode=EH10 4AX, geoLocation=GeoLocation(lat=55.929444, lng=-3.209309), distanceFromLastShop=91.40947768244581) time so far: 2344969.1373218936
Shop(name=Comely Bank, postcode=EH4 1AW, geoLocation=GeoLocation(lat=55.959311, lng=-3.219402), distanceFromLastShop=2.103150971744398) time so far: 2346421.5154385027
Shop(name=Stirling, postcode=FK7 7GX, geoLocation=GeoLocation(lat=56.113855, lng=-3.93347), distanceFromLastShop=29.652290079305832) time so far: 2351179.7902480196
Shop(name=Milngavie, postcode=G62 6HJ, geoLocation=GeoLocation(lat=55.934204, lng=-4.314874), distanceFromLastShop=19.30952736715314) time so far: 2354696.933532078
Shop(name=Byres Road, postcode=G12 8AU, geoLocation=GeoLocation(lat=55.877402, lng=-4.291378), distanceFromLastShop=4.0344679923736395) time so far: 2356381.0696911626
Shop(name=John Lewis Glasgow, postcode=G1 2GF, geoLocation=GeoLocation(lat=55.863851, lng=-4.251392), distanceFromLastShop=1.8160882544391082) time so far: 2357799.0002816953
Shop(name=Newton Mearns, postcode=G77 6GW, geoLocation=GeoLocation(lat=55.783207, lng=-4.349241), distanceFromLastShop=6.756428162628773) time so far: 2359809.771661211
Shop(name=Helensburgh, postcode=G84 7LB, geoLocation=GeoLocation(lat=55.994132, lng=-4.704267), distanceFromLastShop=20.08679808350582) time so far: 2363420.1874312316
Shop(name=Helensburgh Petrol Station, postcode=G84 7LB, geoLocation=GeoLocation(lat=55.994132, lng=-4.704267), distanceFromLastShop=0.0) time so far: 2364620.1874312316
Shop(name=John Lewis Aberdeen, postcode=AB25 1BW, geoLocation=GeoLocation(lat=57.150079, lng=-2.100636), distanceFromLastShop=127.60240303196026) time so far: 2435712.2883638353
Finished Testing with real data
======================
Shop(name=shop2, postcode=pc2, geoLocation=GeoLocation(lat=1.0, lng=2.0), distanceFromLastShop=150.0) time so far: 19200.0
Shop(name=shop3, postcode=pc3, geoLocation=GeoLocation(lat=1.0, lng=2.0), distanceFromLastShop=300.0) time so far: 123600.0
Shop(name=shop2, postcode=pc2, geoLocation=GeoLocation(lat=1.0, lng=2.0), distanceFromLastShop=200.0) time so far: 25200.0
Shop(name=shop3, postcode=pc3, geoLocation=GeoLocation(lat=1.0, lng=2.0), distanceFromLastShop=300.0) time so far: 123600.0
Shop(name=shop4, postcode=pc4, geoLocation=GeoLocation(lat=1.0, lng=2.0), distanceFromLastShop=30.0) time so far: 177600.0
Shop(name=Liverpool, postcode=L1, geoLocation=GeoLocation(lat=53.403799, lng=-2.987648), distanceFromLastShop=178.15851975177128) time so far: 22579.02237021255
Shop(name=Newcastle, postcode=NE99 1AB, geoLocation=GeoLocation(lat=54.96746, lng=-1.615383), distanceFromLastShop=121.62893959688955) time so far: 102195.47275162674
Shop(name=shop2, postcode=pc2, geoLocation=GeoLocation(lat=1.0, lng=2.0), distanceFromLastShop=30.0) time so far: 4800.0
Shop(name=shop3, postcode=pc3, geoLocation=GeoLocation(lat=1.0, lng=2.0), distanceFromLastShop=30.0) time so far: 9600.0
Shop(name=shop2, postcode=pc2, geoLocation=GeoLocation(lat=1.0, lng=2.0), distanceFromLastShop=30.0) time so far: 4800.0
Shop(name=Liverpool, postcode=L1, geoLocation=GeoLocation(lat=53.403799, lng=-2.987648), distanceFromLastShop=178.15851975177128) time so far: 22579.02237021255
]]></system-out>
  <system-err><![CDATA[]]></system-err>
</testsuite>
