<?xml version="1.0" encoding="UTF-8"?>
<testsuite name="MainTest" tests="4" skipped="0" failures="0" errors="0" timestamp="2019-09-30T17:50:06" hostname="MacBook-Pro-2" time="0.023">
  <properties/>
  <testcase name="distance to same shop is zero ()" classname="MainTest" time="0.019"/>
  <testcase name="distance between Liverpool and London should be 177()" classname="MainTest" time="0.0"/>
  <testcase name="distance between Peter Jones shop and Oxford Street shop is roughly 3 miles ()" classname="MainTest" time="0.001"/>
  <testcase name="distance between Peter Jones location and Oxford Street location should be 3 miles()" classname="MainTest" time="0.001"/>
  <system-out><![CDATA[]]></system-out>
  <system-err><![CDATA[]]></system-err>
</testsuite>
