<?xml version="1.0" encoding="UTF-8"?>
<testsuite name="MainTest" tests="2" skipped="0" failures="0" errors="0" timestamp="2019-09-30T17:13:25" hostname="MacBook-Pro-2" time="0.021">
  <properties/>
  <testcase name="distance between Peter Jones and Oxford Street shops should be()" classname="MainTest" time="0.019"/>
  <testcase name="distance between Liverpool and London should be 173()" classname="MainTest" time="0.001"/>
  <system-out><![CDATA[]]></system-out>
  <system-err><![CDATA[]]></system-err>
</testsuite>
