<?xml version="1.0" encoding="UTF-8"?>
<testsuite name="MainTest" tests="4" skipped="0" failures="0" errors="0" timestamp="2019-11-08T09:31:12" hostname="MacBook-Pro-3.local" time="0.022">
  <properties/>
  <testcase name="string containing I is converted to 1()" classname="MainTest" time="0.016"/>
  <testcase name="string containing II is converted to 2()" classname="MainTest" time="0.001"/>
  <testcase name="string containing III is converted to 3()" classname="MainTest" time="0.001"/>
  <testcase name="string containing nothing is converted to 0()" classname="MainTest" time="0.001"/>
  <system-out><![CDATA[]]></system-out>
  <system-err><![CDATA[]]></system-err>
</testsuite>
