<?xml version="1.0" encoding="UTF-8"?>
<testsuite name="DiceTest" tests="4" skipped="0" failures="0" errors="0" timestamp="2019-08-22T08:22:51" hostname="MacBook-Pro-2" time="0.054">
  <properties/>
  <testcase name="toString formats dice value correctly when a value of 11 is thrown()" classname="DiceTest" time="0.031"/>
  <testcase name="test twenty dice are not all the same value()" classname="DiceTest" time="0.017"/>
  <testcase name="test Dice Is Between Two And Twelve()" classname="DiceTest" time="0.001"/>
  <testcase name="test 200 dice contain one of each possible value()" classname="DiceTest" time="0.003"/>
  <system-out><![CDATA[]]></system-out>
  <system-err><![CDATA[]]></system-err>
</testsuite>
