<?xml version="1.0" encoding="UTF-8"?>
<testsuite name="BoardLocationTest" tests="1" skipped="0" failures="0" errors="0" timestamp="2019-08-12T18:22:50" hostname="MacBook-Pro-2" time="0.054">
  <properties/>
  <testcase name="Initial board location is Go()" classname="BoardLocationTest" time="0.054"/>
  <system-out><![CDATA[]]></system-out>
  <system-err><![CDATA[]]></system-err>
</testsuite>
