<?xml version="1.0" encoding="UTF-8"?>
<testsuite name="BoardLocationTest" tests="6" skipped="0" failures="0" errors="0" timestamp="2019-08-12T20:20:15" hostname="MacBook-Pro-2" time="0.042">
  <properties/>
  <testcase name="Adding dice of value 4 to an inital boardLocation updates the boardLocation to show location at position 4 in the Location array()" classname="BoardLocationTest" time="0.037"/>
  <testcase name="Adding dice of value 4 to an inital boardLocation with index set to 5 updates the boardLocation to show location at position 9 in the Location array()" classname="BoardLocationTest" time="0.0"/>
  <testcase name="Initial board location is Go()" classname="BoardLocationTest" time="0.0"/>
  <testcase name="Adding dice of value 4 to an inital boardLocation with index set to board size - 3 updates the boardLocation to show location at position 1 in the Location array()" classname="BoardLocationTest" time="0.0"/>
  <testcase name="Initial board location is location at position 4 if a locationIndex is given to the constructor()" classname="BoardLocationTest" time="0.0"/>
  <testcase name="Initial board has hasPassedGo set correctly depending on locationIndex sent to the constructor()" classname="BoardLocationTest" time="0.0"/>
  <system-out><![CDATA[]]></system-out>
  <system-err><![CDATA[]]></system-err>
</testsuite>
