<?xml version="1.0" encoding="UTF-8"?>
<testsuite name="DiceTest" tests="1" skipped="0" failures="0" errors="0" timestamp="2019-08-14T18:49:29" hostname="MacBook-Pro-2" time="0.034">
  <properties/>
  <testcase name="test 200 dice contain one of each possible value()" classname="DiceTest" time="0.034"/>
  <system-out><![CDATA[]]></system-out>
  <system-err><![CDATA[]]></system-err>
</testsuite>
