<?xml version="1.0" encoding="UTF-8"?>
<testsuite name="MainTest" tests="1" skipped="0" failures="0" errors="0" timestamp="2020-02-12T09:06:05" hostname="MacBook-Pro-2" time="0.016">
  <properties/>
  <testcase name="numbersInCol should return the numbers in a column()" classname="MainTest" time="0.016"/>
  <system-out><![CDATA[]]></system-out>
  <system-err><![CDATA[]]></system-err>
</testsuite>
