<?xml version="1.0" encoding="UTF-8"?>
<testsuite name="MyFoldTest" tests="2" skipped="0" failures="0" errors="0" timestamp="2019-10-11T08:18:43" hostname="MacBook-Pro-2" time="0.03">
  <properties/>
  <testcase name="Empty list of Ints returns an empty String()" classname="MyFoldTest" time="0.025"/>
  <testcase name="List of (1) returns a string containing &quot;1&quot; ()" classname="MyFoldTest" time="0.004"/>
  <system-out><![CDATA[]]></system-out>
  <system-err><![CDATA[]]></system-err>
</testsuite>
