<?xml version="1.0" encoding="UTF-8"?>
<testsuite name="MyFoldTest" tests="1" skipped="0" failures="0" errors="0" timestamp="2019-10-11T08:14:14" hostname="MacBook-Pro-2" time="0.029">
  <properties/>
  <testcase name="Empty list of Ints returns an empty list of String()" classname="MyFoldTest" time="0.029"/>
  <system-out><![CDATA[]]></system-out>
  <system-err><![CDATA[]]></system-err>
</testsuite>
